第二 , 综合治理 . -- 4
在此 背景 下 , 中国 要 融入 世界 经济 , 有必要 加快 发展 高技术 产业 , 增强 综合 国力 , 改善 这 一 产业 的 国际 分工 地位 . -- 29
第二十 中国人民 银行 设立 人民币 发行 库 , 在 其 分支 机构 设立 分支 库 , 负责 保管 人民币 发行 基金 . -- 22
在 新 千年 开始 之际 , 各界人士 借 这次 聚会 开拓 新 思路 , 为 新世纪 的 世界 发展 趋势 描绘 新 蓝图 . -- 24
让 人 担心 的 就是 这 火箭 头顶 上 的 飞船 . -- 12
事在人为 , 中国 载人 航天 必须 走 好 第一 . -- 10
然而 , 许多 科学家 和 编辑 人员 却 愈加 感觉到 , 中国 科技 期刊 的 发展 已 远远 落后于 中国 的 科技 发展 . -- 24
从 中东 到 巴尔干 , 从 索马里 到 阿富汗 , 它 几乎 没有 一 天 不在 忙于 插手 别人 的 事务 , 没有 一 年 不 进行 干预 别国 的 战争 . -- 32
据介绍 , 全国 政协 港澳台 侨 委员会 去年 将对 台 工作 列为 工作 重点 . -- 15
广大 发展中国家 也 意识到 , 只有 通过 参与 和 合作 , 才能 逐步 改变 不合理 和 不 公正 的 国际 经济 秩序 , 这 正是 众多 发展中国家 加入 世贸 组织 的 重要 原因 之一 . -- 35
( 第四十一 号 ) 朱邦造 谈 中俄 军事 合作 " 中新社 北京 二月十五日 电 " 外交部 发言人 朱邦造 今天 在此间 表示 , 中俄 进行 军事 合作 旨在 增强 国防 , 维护 主权 和 领土 完整 . -- 36
1995年 , 欧盟 执委会 在 《 通往 2000年 的 欧洲 安全 政策 》 报告 中 表示 , 欧盟 的 共同 安全 与 外交 政策 应 以 建立 欧洲 集体 安全 机制 为 目的 . -- 34
汤曜明 : 我 充分 掌握 共军 动态 王炯华 . 台北 讯 -- 11
目前 的 人民币 汇率 水平 , 比较 符合 当前 的 国内 经济 结构 , 国内 的 通货膨胀 率 一直 持续 下降 , 人民币 的 对内 升值 压力 已经 显现 出来 , 对外 的 低估 也 事实上 存在 . -- 38
一九九九年六月 , 四川 化工 机械厂 与 法国 法马通 公司 合作 , 开始 百万千瓦 级 大型 压 水 堆 核电 厂主 管道 正式 产品 的 生产 , 并 于 今年 一月 完工 . -- 32
突尼斯 高度 赞扬 中国 领导人 奉行 的 内外 政策 , 并 对 中国 在 经济 , 社会 发展 方面 取得 的 成就 深表 钦佩 . -- 25
全面 接轨 必将 促进 中国 全面 变革 . -- 8
最高 人民 法院 院长 肖扬 以及 中央 政法 委员会 , 最高 人民 法院 , 人民 日报 社 , 新华社 , 中央 电视台 , 中央 人民 广播 电台 , 法制 日报 社 的 有关 领导 同志 参加 了 座谈 . -- 39
台湾 的 前途 只有 一 条 , 就是 走向 与 祖国 大陆 的 统一 , 而 决不能 走向 分裂 . -- 20
石广生 对此 表示 感谢 . -- 5
吴邦国 说 , 北京 国际 公路 接力赛 举办 15 年 来 为 加深 中日 友好 , 发展 世界 各国 人民 的 友好 往来 和 体育 交流 作出 了 贡献 . -- 30
白皮书 还 指出 , 台湾 实行 " 一国两制 " 的 内容 , 可以 比 港澳 更 宽松 . -- 18
王绍鸿 是 1997年3月 经 人 介绍 , 本着 强身 健体 的 初衷 走进 练功 点 的 . -- 17
面对 农业 和 农村 经济 结构 的 战略性 调整 , 必须 尽快 改变 目前 存在 的 思想 观念 , 领导 方法 和 干部 群众 的 素质 与 结构 调整 还 不 适应 的 状况 , 从 思想方法 到 工作 方法 来 一个 大 的 转变 . -- 46
王毅 和 黎功奉 还 进行 了 年度 外交 事务 磋商 , 并 就 双方 共同 关心 的 国际 和 地区 问题 交换 了 意见 . -- 25
这就 决定 了 , 尽管 在 国家 统一 的 道路 上 总会 有 艰难险阻 , 但 任何 把 台湾 从 中国 分裂 出去 的 企图 , 都是 注定 要 失败 的 . -- 32
我们 相信 并且 希望 选择 两岸 和平 统一 的 台湾 同胞 , 能够 识破 谎言 , 辨明 真伪 , 做出 明智 的 选择 . -- 24
政企 分开 , 是 国有 企业 改革 的 一个 重大 主题 . -- 12
2月24日 , 李鹏 在 张家港市 领导干部 " 三 讲 " 教育 会议 上 讲了话 . -- 15
参加 提案 的 委员 1756 人 , 占 委员 总数 的 795% . -- 13
听 完 汇报 , 江 总书记 对 公司 的 快速 发展 满意 地 点头 赞许 . -- 16
加强 和 改进 教育 工作 , 不只是 学校 和 教育 部门 的 事 , 家庭 , 社会 各个 方面 都要 一起 来 关心 和 支持 . -- 26
近期 一 国际 组织 的 研究 报告 显示 , 中国 科技 竞争力 的 国际 排名 出现 了 大幅 下降 , 居 中等 偏下 , 引起 了 有识之士 的 关注 . -- 30
《 谈话 》 好似 响雷 , 震撼 了 中华 大地 , 向 各级党委 和 各级 政府 提出 了 抓好 教育 的 要求 . -- 23
要 解决 这些 问题 , 就 必须 动员 学校 , 家庭 乃至 整个 社会 共同 努力 , 才能 见效 . -- 20
谁 能够 正确 认识 和 解决 人类 的 问题 , 谁 就 能够 抓住 机遇 , 争得 优势 , 走在 世界 的 前头 . -- 24
这项 决定 规定 , 国务院 编制 的 国民经济 和 社会 发展 年度 计划 , 五 年 计划 以及 长远 规划 草案 , 应当 在 全国 人大 举行 的 一个 月 前 , 报送 全国 人大 常委会 . -- 37
西方 一些 国家 鼓吹 " 人权 高于 主权 " 的 又 一个 论点 是 , 人 的 价值 高于 国家 的 价值 . -- 23
如何 解决 台湾 问题 , 完成 中国 的 统一 大业 , 是 中国 人民 自己的 事 , 美国 反华 政客 不要 低估 了 中国 人民 维护 国家 主权 和 领土 完整 的 决心 和 能力 . -- 36
罗宾逊 夫人 感谢 中国 主办 此次 人权 研讨会 , 并 称 会议 开 得 很 成功 -- 有助 於 加强 亚太 国家 之间 人权 问题 上 的 交流 与 合作 . -- 31
美国 这种 表态 , 完全 是 违反 了 国际法 和 中美 三 个 公报 的 原则 的 , 而且 侵犯 了 中国 的 主权 和 领土 完整 . -- 28
他 首先 回顾 了 人民政协 过去 一 年 来 的 工作 . -- 12
在 李瑞环 主席 主持 下 , 大会 首先 审议 通过 了 政协 第九届 全国 委员会 第三 会议 议程 . -- 19
国务院 领导人 和 各部委 首长 将 倾听 代表 和 委员 的 意见 , 以 提高 行政 的 效率 和 素质 . -- 21
随着 改革开放 和 社会主义 现代化 建设 的 发展 , 人民代表大会制度 将会 越来越 完善 , 越来越 发挥 重要 作用 . -- 19
进一步 加快 基础 设施 建设 , 切实 加强 生态 环境保护 建设 , 积极 调整 产业 结构 , 大力 发展 科技 和 教育 , 不断 加大 改革开放 力度 . -- 28
丁佩玲 代表 对 改进 学校 教育 , 减轻 学生 负担 提出 三点 建议 : 切实 转变 观念 , 树立 正确 的 教育 观 ; 加强 对 教育 , 教学 改革 的 研究 ; 加强 教师 队伍 建设 , 努力 提高 教师 素质 . -- 43
西 气 东 输 , 兰州 到 成都 输油管 道 , 京沪 高速铁路 , 广西 龙滩 水电站 和 亚太 二 号 海缆 等 项目 , 要 加快 前期 工作 进度 . -- 31
要 检查 党 的 路线 方针 政策 和 决议 的 执行 情况 , 及时 揭露 和 查处 严重 违反 政治 纪律 的 行为 . -- 24
曾培炎 说 , 经过 最近 两 五年计划 的 电力 建设 , 中国 电力 供应 紧张 的 情况 有所 缓解 . -- 20
此外 , 国防费 支出 增加 了 百分之十二点七 . -- 8
徐山林 解释 说 , 我们 不是 轻率 地 提出 这 一 议案 , 除了 参照 国外 的 成功 经验 外 , 中国 现在 已有 了 良好 的 立法 环境 . -- 30
当今 世界 , 科学 发展 , 日新月异 ; 思想 文化 交流 , 相互 激荡 . -- 15
这 涉及到 许多 职工 的 切身 利益 , 各地方 必须 认真 执行 国家 的 有关 政策 和 规定 , 一定 要 妥善 安置 职工 , 所需的 资金 必须 及时 落实 到位 . -- 32
要 以 市场 为 导向 , 以 效益 为 中心 , 培育 和 发展 主导 产业 , 形成 北京郊区 的 经济 优势 . -- 23
据 港区 全国 人大 代表 马力 称 , 江泽民 主席 是 在 代表 们 发言 后 开始 他 的 谈话 的 . -- 22
③ 由于 我国 关税 制度 还 不尽 完善 , 因此 较高 的 名义 关税 税率 对 我国 国内 经济 的 保护 作用 相对 有限 , 1998年 我国 实际 关税 税率 仅 为 7.9% . -- 34
反腐倡廉 也 必须 从 严格 加强 管理 抓起 . -- 9
香港 方方面面 人士 都要 维护 行政 长官 的 权威 , 团结 在 行政 长官 周围 , 保证 特区 依 基本法 施政 . -- 22
譬如 , 加大 劳动 密集型 产品 的 出口 经营 , 就 能为 国内 提供 大量 的 就业 机会 . -- 19
无论 是 生产 规模 还是 技术 质量 , 无论 是 管理 经营 还是 产品 层次 , 无论 是 企业家 队伍 还是 工人 素质 , 都 与 国际 先进 水平 有 很大 的 差距 . -- 34
许多 代表 , 委员 指出 , 江泽民 等 中央 政治局 常委 深入基层 , 带头 在 县 一级 动员 开展 " 三 讲 " 教育 , 令人 鼓舞 . -- 28
安徽 代表 李浩 说 , 今年 的 " 两 高 " 报告 突出 了 人民群众 反映 强烈 的 有罪 不 究 , 裁判 不公 , 超期 羁押 等 问题 , 并 公布 了 立案 侦查 涉嫌 贪赃枉法 , 徇私舞弊 的 司法 人员 的 人数 . -- 45
香 鬯 械 拿 褚獠验 均 表明 , 香港 人 支持 全国 人大 常委会 解释 基本法 . -- 17
世纪之交 召开 的 全国 政协 九 届 三 会议 今天 落下 帷幕 . -- 13
各国 驻华 使节 应邀 旁听 闭幕 会 . -- 8
公元 1000年 开始 的 时候 , 中国 正值 北宋 时期 , 在 科学技术 , 思想 文化 , 生产力 水平 等 诸多 方面 都 已 领先 于 世界 . -- 28
从 军事 能力 上 来看 , 美军 充分 吸收 了 现代 信息 产业 技术 而 成为 大规模 运用 信息 技术 的 部队 . -- 23
国务院 扶贫 办 去年 连续 组织 了 7 县级 干部 培训班 , 对 全国 592 国家 重点 扶持 贫困县 1400 县级 干部 进行 了 大规模 的 集中 培训 . -- 29
尤其是 " 入世 " 在即 , 中国 经济 社会 今后 与 外部 世界 联系 将 更加 紧密 也 更加 复杂 , 这 对 政府 的 管理 能力 提出 了 新 的 要求 和 考验 . -- 35
舒圣佑 , 王明善 , 周绍森 , 刘炎玲 等 代表 在 会上 先后 发言 . -- 14
到 那时 , 国际 社会 将 怎样 来 保护 中国 的 主权 和 领土 完整 呢 , 中国 政府 又 将 诉诸 于 何种 手段 来 维护 自己的 主权 和 领土 完整 呢 ? -- 34
但 一些 孤立主义 者 想 把 向 中国 打开 的 大门 关上 , 现在 到 了 国会 选择 的 时候 了 , 是 选择 孤立 还是 联合 ? -- 28
要 加快 经济 结构 的 战略性 调整 , 提高 国民经济 的 整体 素质 . -- 14
继续 实施 积极 的 财政 政策 , 促进 投资 需求 较快 增长 , 鼓励 和 引导 消费 . -- 18
唐树备 在 今天 上午 海协 举行 的 记者招待会 上 答 记者 问 时 表示 , 现在 海峡 两岸 之间 不是 早点 统一 还是 晚点 统一 的 问题 , 而是 台湾 到底 会不会 走向 " 独立 " 的 问题 . -- 39
必须 做到 着眼 全局 , 力戒 片面 , 心系 群众 , 力戒 官僚 , 求实 创新 , 力戒 教条 , 尊重 规律 , 力戒 盲目 , 真 抓 实干 , 力戒 空谈 . -- 33
这位 负责人 说 , 《 中国人民 银行 法 》 实施 5 年 来 , 中央 银行 依法 制定 , 执行 货币 政策 的 水平 和 意识 明显 提高 , 金融 监管 能力 进一步 加强 . -- 35
另外 , 两岸 对 " 和平 " 两 字 理解 有些 差异 , 因为 你 不能 想象 一个人 威胁 你 说 , 你 不 统一 , 我 就要 打 你 , 并 说 这就是 和平 统一 的 方式 . -- 39
这一点 , 我们 的 领导人 讲 得 非常 清楚 , 我 作为 中国 人 的 一 分子 , 坚决 拥护 中国 领导人 这样的 主张 . -- 25
我国 地 广 人 多 , 生产力 的 发展 相对 落后 , 地区 发展 也 不平衡 , 要 在 同 一个 时期 实现 同步 富裕 是 不 现实 的 . -- 30
在 这 一 大 背景 下 , 国 与 国 之间 都 在 寻求 更加 紧密 的 合作 , 一个 国家 内部 再 搞 分裂 , 显然 是 有 逆 历史潮流 的 . -- 33
成立 于 1989年8月 的 这 家 公司 , 先是 通过 折价 购买 等 手段 接收 有 问题 金融 机构 的 不良 资产 , 然后 采用 投资银行 的 手段 对 这些 资产 进行 清理 , 评估 , 分类 , 重组 , 拍卖 出售 , 成功 解决 了 大规模 不良 资产 的 问题 . -- 52
如果 有 什 麽 人 , 胆敢 分裂 国家 , 胆敢 伙同 外国 势力 搞 " 台独 " , 企图 把 台湾 从 中国 领土 分割 出来 , 就 意味 著 战争 . -- 33
因此 , 是否 承认 一个 中国 的 原则 是 块 试金石 , 可 测试 谈判 的 一方 有无 诚意 , 是否 愿意 国家 和平 统一 . -- 26
新华社 北京 3月21日 电 国有 企业 监事会 暂行条例 第一 为了 健全 国有 企业 监督 机制 , 加强 对 国有 企业 的 监督 , 制定 本 条例 . -- 27
萨苏 总统 对 有机会 会见 李鹏 委员长 和 夫人 表示 很 高兴 . -- 13
" 台独 " 势力 拥兵 自重 , 不得不 防御 台湾 本岛 及 外 岛 相当 大 的 防御 面积 和 目标 , 而且 许多 目标 分散 防御 也 比较 复杂 . -- 31
面对 这种 情形 , 我们 决不能 等闲视之 . -- 8
会上 , 中央 宣传部 副部长 刘鹏 就 深入 宣传 《 决定 》 作 了 部署 , 国家 计生委 主任 张维庆 就 贯彻 落实 《 决定 》 精神 , 进一步 抓紧 抓好 人口 与 计划生育 工作 提出 了 要求 . -- 39
东海 大学 谢渝生 教授 在 发言 中 说 , 李登辉 口口声声 标榜 " 民主 " , 那就 应该 循 " 民主 " 惯例 . -- 24
他 认为 台湾 人民 应 支持 用 一个 中国 原则 来 处理 两岸 关系 . -- 15
禁止 在 生活 饮用水 地表 水源 二 保护区 内 设立 装卸 垃圾 , 油 类 及 其他 有毒 有害 物品 的 码头 . -- 23
这是 南京 军区 驻 沪 某 基地 船运 大队 正在 实施 新 课目 训练 的 两 镜头 . -- 18
在 各国 经济 愈来愈 相互 信赖 , 经济 全球化 加速 发展 的 情况 下 , 双方 更 应 加强 交流 与 合作 , 使 两国 成为 好 朋友 , 好 邻居 , 好 伙伴 . -- 35
根据 国际法 准则 , 叙 以 两国 将 共同 享有 太巴列湖 的 水资源 . -- 14
以 大量 使用 巡航导弹 和 防区 外 发射 的 精确 制导 弹药 来 实施 远距离 空中 精确 打击 的 " 非 接触 性 战争 " , 正在 成为 现代 战争 的 主要 作战 样式 . -- 35
据统计 , 1990年 至 1998年 间 , 外国 向 中国 的 高科技 出口 增加 了 将近 500% . -- 18
为什麽 说话 一会儿 这样 一会儿 那样 , 闪闪 烁烁 游游 移 移 ? -- 13
这些 企业 代表 了 国有 企业 走向 市场 成功的 一面 . -- 11
要 通过 这 一 活动 , 引导 干部 群众 思 出 方向 , 思 出 信念 , 思 出 凝聚力 , 战斗力 . -- 23
在 记名 制 条件 下 , 个人 收入 缺乏 相对 集中 的 账户 , 难以 统计 和 征税 . -- 19
冯沪祥 又 说 , 陈云林 指出 , 中共 的 领导人 历来 的 讲话 , 都 没有 说 " 一个 中国 " 就是 " 中华人民共和国 " . 冯沪祥 认为 , 陈水扁 的 就职 演说 可以 有 上 , 中 , 下 三 选择 : -- 43
但是 , 我们 也 清醒 地 认识到 实践 中 还 存在 不少 问题 . -- 14
又 说 : " 人类 制定 的 法律 就是 在 机械 地 限制 人 , 封闭 人 ...... -- 18
对 这一点 , 读 读 李洪志 的 那 几首 歪诗 , 其 内心 不可 遏制 的 权力 欲望 昭然若揭 . -- 20
中国 矿产资源 的 长期 开发 , 已 建立 了 包括 黑龙江 的 大庆 , 辽宁 的 鞍山 , 抚顺 , 四川 的 攀枝花 等 三百 以 矿产 为 依托 的 工业 城镇 . -- 33
胡锦涛 强调 , 中国 党 和 政府 一向 十分 珍视 中朝 传统 友谊 , 并 将 一如既往 地 为 巩固 和 发展 中朝 友好 合作 关系 不懈 努力 . -- 29
我们 予以 高度 赞赏 . -- 5
在 谈判 的 最后 , 拉米 重申 了 欧盟 的 承诺 -- 支持 中国 尽早 加入 WTO. -- 17
考虑 因 种种 原因 部分 储户 不能 亲自 到 金融 机构 办理 存款 的 实际情况 , 《 个人 存款 账户 实名制 规定 》 规定 了 代理 存款 制度 . -- 29
思想 政治 工作 是 我们 党 的 优良 传统 和 政治 优势 . -- 13
在 国民党 内 , 他 玩弄 权术 手腕 , 排挤 异己 , 顺我者昌 , 逆我者亡 . -- 16
他 指出 , 要 适应 社会 不断 发展 的 新 情况 和 出现 的 新 问题 , 把 修改 法律 和 制订 法律 放在 同等 重要 的 位置 . -- 29
虽然 电子商务 前景 广阔 , 但是 发展 电子商务 是 一 项 庞大 的 系统工程 , 我国 在 信息化 程度 较低 等 因素 的 制约 下 , 发展 电子商务 更具 艰巨性 , 长期性 和 复杂性 . -- 35
对 提交 虚假 证明 文件 或者 采取 其他 欺诈 手段 骗取 登记 注册 的 , 一经 发现 , 工商 行政管理 机关 应 立即 予以 处罚 , 直至 吊销 营业执照 . -- 30
在 " 一个 中国 " 的 原则 问题 上 , 港人 支持 特首 这 一 立场 . -- 17
李登辉 在位 十几 年 , 基本上 是 一个 搞 分裂 , 搞 " 台独 " 的 过程 . -- 18
吴邦国 强调 , 要 依法 从严 从快 查处 各类 事故 , 全面 落实 责任制 . -- 15
我们 相信 会 有 更多 的 台湾 同胞 来 祖国 大陆 投资 , 开展 经济 交流 与 合作 . -- 19
思 源 , 思 进 , 还有 一个 树立 全国 一盘棋 思想 , 处理 和 维护 好 两 大局 的 问题 . -- 22
众所周知 , 世界上 只有 一个 中国 , 台湾 是 中国 领土 不可 分割 的 一部分 . -- 16
参加 集训 的 第一 政委 普遍 感到 , 调整 改革 后 , 预备役 部队 的 工作 标准 高 了 , 担子 重 了 , 压力 大 了 , 正 面临 着 一个 怎样 进行 新 知识 补差 训练 的 紧迫 课题 . -- 42
企业 内部 改革 以 企业 人事 , 劳动 , 分配 三 制度 改革 为 重点 , 目的 是 形成 职工 能 进 能 出 , 管理 人员 能上能下 , 收入 能 增 能 减 的 机制 . -- 37
台湾 同胞 是 历代 从 大陆 迁徙 到 台 的 , 使用 同样 的 文字 , 语言 , 台胞 在 大陆 有 血缘 亲戚 , 每年 不少 台胞 还要 到 福建 拜 祭 妈祖 , 到 黄帝陵 拜 祭 华夏 民族 的 共同 祖先 . -- 45
其实 , 问题 并不 那 幺 简单 . -- 8
我们 希望 同 新 方 共同 努力 , 推动 两国 互利 合作 在 新 的 世纪 不断 取得 更新 更大 的 发展 . -- 23
对 合法 的 宗教 活动 , 要 依法 保护 ; 对 邪教 祸国殃民 要 坚决 打击 , 依法 取缔 . -- 20
中国 政府 一 以 贯 之 地 坚持 和平 统一 方针 , 向 台湾 同胞 表示 了 最大 的 诚意 和 希望 . -- 23
利维 和 沙龙 都 欢迎 江泽民 主席 对 以色列 进行 国事访问 , 并 表示 相信 , 此 访 必将 赋予 两国 关系 的 发展 以 新 的 动力 . -- 29
所以 , 在 当今 世界 , 超越 国家 主权 的 维护 人权 行动 只能 在 联合国 批准 和 领导 下 或 在 区域性 国际 组织 成员国 内部 进行 . -- 29
其实 , 石原 的 极端 民族主义 分子 的 殖民主义 心态 , 排外 倾向 , 仇视 中 , 朝 , 韩 三 国 人民 的 丑陋 本性 , 早已 在 世人 面前 充分 暴露 . -- 34
从前 三个 月 利用 外资 的 情况 看 , 中国 利用 外资 已 出现 逐月 回升 的 势头 . -- 19
美国 总是 以 人权 为 借口 指责 广大 的 发展中国家 , 中国 只是 受害者 之一 . -- 16
这些 利益 集团 对 国会 的 影响 迫使 国会 和 政府 进行 讨价还价 , 来 反映 一些 利益 集团 , 一些 舆论 及 一些 媒体 的 观点 . -- 28
如果 克林顿 政府 不 提出 中国 的 人权 问题 , 共和党 就 会 借机 在 这个 问题 上 做文章 , 以此 指责 民主党 . -- 24
加上 一些 干部 丧失 原则 , 惯于 看 领导 眼色 行事 , 投其所好 , 客观上 也 会 助长 腐败 行为 . -- 21
奥 氏 在 访问 中 对 各国 内政 的 干涉 之 深 达到 了 令人 惊讶 的 地步 . -- 19
我们 两国 可以 在 许多 领域 开展 合作 , 这种 合作 对于 南非 的 发展 和 进步 是 至关重要 的 . -- 21
他 还 对 南非 政府 明确 坚持 一个 中国 原则 , 在 多种 场合 给与 中方 宝贵 支持 表示 感谢 . -- 21
中南 建交 时间 虽然 不 长 , 但 自 建交 以来 两国 关系 发展 很快 , 双方 合作 潜力 正在 转化为 具体 合作 成果 . -- 25
谈到 投票 结果 , 他 说 , 尽管 他 估计 美国 国会 的 投票 票 数 会 很 接近 , 但 他 相信 最终 结果 将 是 " 顺利 通过 " . -- 32
不能 享受 养老 , 失业 保险 的 集体 企业 职工 也 可 进入 居民 最低 生活 保障 线 . -- 19
他 说 , 十二亿 中国 人民 对 中国 的 人权 状况 最 有 发言权 . -- 15
他 还 就 朝鲜 外长 访华 和 朝鲜半岛 局势 回答 了 记者 提问 . -- 14
海协会 对 台湾 新 " 内阁 " 的 人事 布局 有 何 看法 ? -- 14
从 城市 到 边疆 , 从 院校 到 连队 , 共和国 的 座 座 军营 里 , 青年 官兵 的 学习 热情 空前 高涨 , 学习 成才 活动 方兴未艾 . -- 30
官兵 素质 上 存在 的 差距 , 有 历史 原因 , 有 社会 原因 , 但 根子 还 在于 我们 一些 领导者 的 头脑 里 没有 真正 确立 起 与 军事 斗争 准备 相适应 的 思想 观念 . -- 38
特别 应当 指出 的 是 , 在 拼命 扩展 军事 实力 的 同时 , 日本国 内 的 军国主义 势力 也 日益 嚣张 . -- 23
积极 扶持 和 发展 电子 技术 产业 , 海洋 技术 产业 , 生物 技术 及 医药 产业 , 新型 材料 产业 , 环保 技术 产业 等 高新技术 产业 . -- 29
应该 发挥 协会 和 商会 的 作用 . -- 8
再次 , 加大 教学 方法 手段 的 改革 . -- 9
各地 在 开展 这项 活动 中 , 还要 结合 创建 " 无毒 社区 " 活动 , 进一步 深入 开展 禁毒 宣传 教育 工作 . -- 24
这些 意见 , 对 党史 研究 以至 所有 的 历史 科学研究 , 都是 有 指导 意义 的 . -- 18
盗版 出版物 的 泛滥 , 严重 挫伤 了 科学家 , 艺术家 和 作家 及 各种 版权 拥有 者 的 创新 积极性 , 从 整体 上 阻碍 了 民族 素质 的 提高 和 进步 . -- 34
所以 如此 , 是 出 於 陈水扁 个人 的 信念 和 经历 台湾 岛 内 的 政治 运作 和 部分 舆论 美国 的 态度 和 政策 等 几 方面 的 原因 . -- 32
党 的 先进性 决定 着 我军 的 先进性 . -- 9
石原 一直 鼓吹 中国 分裂 , 狂言 中国 应 分裂 成 六 国家 . -- 14
该 卫星 站 预计 明年 七月 正式 启用 . -- 9
章启月 指出 , 中方 一向 主张 " 和平共处五项原则 " 是 指导 国 与 国 之间 发展 关系 的 最 基本原则 . -- 21
所以 , 现在 应该 大力 提倡 做 领导干部 的 思想 政治 工作 . -- 13
还有 一些 同志 认为 , 战时 联 勤 待 战前 去 抓 也 来得及 . -- 15
专家 学者 们 强调 , 和平 是 两岸 人民 的 根本 利益 , 但是 和平 的 指向 必须 是 中国 统一 . -- 22
反之 , 以 狭小 孤岛 , 偏安 之 局 来看 问题 , 终非 长久 之 计 . -- 17
粮食 生产 结构 调整 是 农业 结构 调整 的 重点 . -- 11
本应 向 养猪 户 征收 的 屠宰税 , 一些 乡镇 却 按 人 征收 , 农民 气愤 地 说 : " 猪头 税 " 变成 了 " 人头税 " . -- 30
第九 , 文教 交流 提高 素质 在 21世纪 , 智力 和 人才 是 最大 的 资源 , 是 国家 发展 的 关键 因素 . -- 24
三 , 随 著 社会 经济 的 发展 和 人民 生活水平 的 提高 , 保险 业 的 发展 现状 远远 不能 满足 多样化 的 保险 需求 . -- 27
主权 是 一 国 实现 人权 的 根本 前提 , 遵守 主权 平等 和 不 干涉 内政 的 原则 , 是 确保 国际 人权 事业 健康 发展 的 重要 基石 . -- 31
倒退 是 没有 出路 的 . -- 6
记者 求教 一 位 政治 评论家 , 这位 评论家 称 : " 一旦 认清 其 本质 , 大 没有 必要 与其 一般见识 . " -- 24
警方 高层 亦 通令 警员 加紧 巡逻 所有 被 恐怖 组织 视为 目标 的 机构 , 除了 每 两 时间 巡逻 一次 外 , 更 要 将 现场 情况 向 上级 报告 . -- 33
所以 , 安南 主张 把 " 民间 社会 " 与 联合国 联系 起来 , 要 重视 并 发挥 非 政府 国际 组织 对 处理 国际 事务 的 作用 , 强调 人民 民间 社团 及 其他 非 国家 组织 的 作用 . -- 41
这是 为什麽 呢 ? 比较 熟悉 的 台胞 说 : 不可能 真的 动武 吧 . -- 15
回顾 二十 多年 来 , 两岸 关系 还是 取得 了 非常 大 的 发展 , 这 说明 我们 在 中国 观念 之下 , 在 一个 中国 前提 下 , 很多 领域 比较 同一 , 易於 沟通 , 而且 在 人民 的 需求 和 推动 下 , 已经 走上 了 不归路 . -- 51
长期以来 台湾 的 贸易 输出 主要 集中 在 美国 , 对 美 贸易 顺差 长期 居 高 不下 , 美国 因此 不断 动用 " 301 款 " 给 台湾 施加压力 , 强迫 台币 大幅 升值 . -- 36
领导干部 带头 实践 " 三 代表 " 重要 思想 , 首要 的 就是 坚定 理想 信念 , 把 建设 有 中国 特色 社会主义 的 共同 理想 和 实现 共产主义 的 远大 目标 , 作为 终身 不变 的 信仰 和 追求 . -- 41
结果 显示 , 董建华 的 民望 由 三月 的 五十九点一 , 急 跌至 五十二点九 , 跌幅 高达 前所未有 的 六点二 , 为 他 在 上任 以来 的 最低 位 . -- 30
如果 背离 这 一 大节 , 而 在 细枝末节 上 做文章 来 扩大 生存 空间 , 结果 就是 象 以前 一样 南辕北辙 , 适得其反 . -- 25
中国人民 银行 行长 戴相龙 , 中国 证监会 主席 周小川 , 中国 保 监 会 主席 马永伟 先后 作 主题 发言 . -- 21
但 自 一九九二年 中央 部署 二十九 国家 部委 和 二十二 省市 对口 支援 三峡 库 区 后 , 库 区 每年 都 有 巨额 的 对口 支援 资金 流入 . -- 30
这是 自然界 和 人世间 的 一般 规律 . -- 8
焦点 在 於 以往 引起 贸易 争端 的 非 关税壁垒 , 尤其是 动植物 检疫 方面 的 分歧 . -- 18
这些 错误 思潮 , 非 无产阶级 思想 , 影响力 不能 小看 . -- 12
只要 各方面 继续 认真 贯彻 中央 的 决策 和 部署 , 国民经济 就 一定 能够 保持 良好 的 发展 势头 . -- 21
这是 一 支 红军 团队 . -- 6
哈尔滨 工业 大学 成立 於 一九二零年 , 张学良 曾任 该校 理事长 . -- 12
随 著 经济 发展 , 人民 生活水平 的 提高 , 对 用 电 的 需求 还 会 不断 增加 . -- 20
双方 对 近 一 时期 两国 各 领域 的 合作 感到 满意 , 并 表示 将 推动 两国 战略 协作 伙伴 关系 在 新世纪 里 向前 发展 . -- 28
另外 , 她 在 回答 记者 有关 问题 时 表示 , 中国 对 斯里兰卡 工业 部长 遇害 的 消息 感到 震惊 . -- 22
为 贯彻 落实 军委 科技 强 军 , 科技 兴 训 的 战略 方针 , 提高 海军航空兵 的 远程 作战 能力 , 海航 党委 决定 在 某部 组织 实施 空中 加 受 油 训练 . -- 35
全省 还将 新建 一批 人民 防空 重点 骨干 工程 , 使 人防 工程 总量 翻一番 . -- 16
要 切实 加强 现有 水资源 的 管理 , 突出 重点 , 合理 调度 , 科学 用水 . -- 17
李洪志 为了 从 精神 上 控制 " 法 轮 功 " 练习 者 , 毫不 顾惜 他们 的 健康 和 生命 , 充分 说明 " 法 轮 功 " 摧残 健康 , 无视 生命 的 邪恶 本质 . -- 38
他 重申 , 南 议会 坚持 一个 中国 的 原则 , 高度 评价 中国 政府 关於 解决 台湾 问题 的 原则 立场 和 政策 . -- 25
虽然 海峡 两岸 尚未 统一 , 但是 中国 领土 和 主权 并未 分割 , 仍然 是 一个 中国 . -- 19
李鹏 简要 介绍 了 中国 改革开放 和 经济 建设 的 情况 , 强调 建设 有 中国 特色 社会主义 的 一 条 重要 经验 , 是 要 正确 处理好 改革 , 发展 与 稳定 的 关系 . -- 36
他们 是 中国 人民 的 好儿女 , 是 中国 新闻界 的 骄傲 , 我们 要 化 悲痛 为 力量 , 把 自己的 祖国 建设好 . " -- 26
一 年 前 以 美国 为首 的 北约 发动 了 科索沃 战争 , 今天 我们 再 来 回顾 一下 , 会 有一些 更加 深刻 的 启示 . -- 27
美国 的 西方 盟国 对 美 的 反 导 计划 无 一 表示 支持 , 相反 , 他们 在 公开 讲话 或 会 下 磋商 中 纷纷 对 美 发展 和 部署 这 一 系统 表示 严重 关切 . -- 39
女士们 , 先生 们 : 随 著 新世纪 的 到来 , 我国 将 进入 一个 建设 小康社会 并 向 基本 实现 现代化 迈进 的 新 的 发展 阶段 . -- 29
据报道 , 金正日 说 , 这次 首脑 会晤 " 创造 了 一个 很好 的 先例 . -- 16
但 技术 进步 还 没有 成为 生产率 提高 的 主要 动力 . -- 12
叙利亚 经济基础 薄弱 , 自然资源 匮乏 . -- 7
党中央 和 红 一方面 军 主力 长征 到达 陕北 后 , 他 坚决 拥护 毛泽东 同志 的 正确 领导 , 自觉 维护 党中央 的 权威 , 模范地 执行 党 的 各项 决定 , 为 加强 红军 内部 的 团结 做 了 大量 工作 . -- 44
五月 下旬 , 李登辉 的 《 台湾 的 主张 》 一 书 出版 , 鼓吹 " 七 论 " . -- 20
天山 , 昆仑山 , 阿尔泰山 是 重要 的 水 来源 . -- 11
尔后 , 近现代 的 科学技术 又 以 无数 的 事实 证明 了 这 一 无可 辩驳 的 真理 . -- 19
这是 一个 不太 容易 衡量 的 问题 , 到底 应该 准备 到 什 麽 程度 呢 ? -- 17
温家宝 指出 , 水旱 灾害 历来 是 影响 我国 经济 社会 发展 和 人民 生活 的 心腹 大患 , 旱灾 对 农业 生产 的 影响 尤其 突出 . -- 28
编者按 : 重视 思想 政治 建设 是 我们 党 和 军队 的 特有 优势 . -- 15
发展 斯 中 关系 是 斯 外交 政策 的 重点 之一 . -- 12
对此 我们 表示 肯定 和 赞赏 . -- 7
腐败 分子 在 党内 虽然 只 占 极 少数 , 但 他们 严重 败坏 了 党 和 政府 在 人民群众 中 的 形 像 , 影响 了 党 和 政府 与 人民群众 的 关系 , 破坏 了 改革 发展 稳定 的 大局 . -- 43
国家 工商 行政 管理局 日前 在 全国 范围 内 作出 了 全面 部署 , 集中 统一 行动 , 严厉 打击 传销 和 变相 传销 活动 . -- 26
以 此次 发生 五十八 偷渡 者 惨死 案 的 英国 为 例 , 由於 法律 上 的 漏洞 , 人 蛇 偷渡 入 英国 的 情况 愈来愈 严重 . -- 29
林默 造 木排 渡 难民 往 澎湖 定居 谋生 . -- 10
例如 , 一个 企业 究竟 是 搞 产品 输出 , 还是 搞 资本输出 , 关键 是 取决 於 企业 自身 的 利益 选择 , 如果 企业 在 国内 经营 有利 , 那麽它 就 不一定 非要 " 走出去 " , " 走出去 " 是 利益 选择 , 而不是 为了 " 走出去 " 而 " 走出去 " . -- 56
专家 认为 , 中国 需要 反 垅 断 法 , 已 是 大多数人 , 包括 政府 的 共识 . -- 19
同时 , 中国 反对 任何 国家 和 地区 的 官方 人士 以 任何 名义 邀请 并 会见 达赖 喇嘛 , 为 他们 提供 场所 . -- 25
据悉 , 此次 演习 是 美国 今年 将 在 太平洋地区 举行 一系列 军事 演习 中 的 一部分 . -- 18
军事 教育 和 国民教育 有 很多 相通 之处 . " -- 10
科斯托夫 热烈 欢迎 朱鎔基 总理 访问 保加利亚 . -- 8
发展 是 硬 道理 , 中国 解决 所有 问题 的 关键 在 於 依靠 自己的 发展 . -- 17
冷战 时期 , 世界 格局 形成 东西方 两 大 阵营 . -- 11
他 的 这次 访 北 如果 能够 成为 实现 朝鲜半岛 的 和平 , 南北 间 的 交流 和 合作 , 以及 实现 祖国 统一 之 路上 的 第一 , 他 就 感到 无比 欣慰 了 . -- 36
冷战 结束 后 , 世界 整体 局势 虽 趋于 缓和 , 但 局部战争 和 地区 冲突 不断 升级 . -- 19
这 番 部署 葫芦 里 到底 卖 的 是 什 幺 药 呢 ? -- 14
《 意见 》 指出 , 军队 参加 和 支援 西部 地区 的 开发 建设 是 一 项 长期 的 战略 任务 . -- 22
从 党 的 整个 历史 来看 , 有 这样 几条 经验 值得 重视 : 一个 政党 是不是 具有 先进性 , 首先 要 看 它的 纲领 和 它的 成员 . -- 29
完成 这些 任务 , 都 离不开 科学 的 发展 和 进步 . -- 12
金钱 买来 的 " 外交 " 是 不 牢固 的 . -- 11
短短 三个 月 , 又 有 30 多人 在 江门 爆炸 中 死亡 , 令人 震惊 , 令人 痛惜 . -- 20
同时 , 中 , 塔 , 吉 三 国 元首 将 共同 签署 三 国 边界 交界 点 协定 . -- 20
塔 中 两国 经济 合作 有 著 很大 的 潜力 . -- 11
小 城镇 是 经济 社会 发展 的 产物 , 搞好 小 城镇 建设 也 有利 於 经济 社会 发展 . -- 20
我们 党 来自 人民 , 植根于 人民 . -- 8
卡里莫夫 说 , 他 经常 回忆 起 去年 访华 时 与 江泽民 主席 会晤 的 情景 . -- 17
只要 认同 一个 中国 , 我们 都 欢迎 . -- 9
当然 , 没 什 幺 可怕 的 . -- 8
6日 上午 , 江泽民 主席 在 尼亚佐夫 总统 陪同 下 向 卫国 战争 英雄 纪念碑 献 了 花圈 , 并 一同 参观 了 中立 门 . -- 26
这是 以 美国 为首 的 北约 野蛮 行径 的 罪证 , 在 全世界 人民 面前 暴露 了 他们 霸权主义 的 本质 . -- 22
六 国 的 一些 领导人 和 议员 近年来 曾 来华 访问 , 他们 高度 评价 我国 政治 稳定 , 经济 发展 , 民族团结 的 形势 , 希望 今后 进一步 扩大 交流 和 互访 , 让 更多 的 人 了解 中国 . -- 41
国务院 各 部门 的 预算 管理 情况 有所 好转 , 依法 理财 的 水平 有了 新 的 提高 . -- 19
要 对 预算 单位 的 收支 情况 进行 全面 清理 , 合理 制定 各 部门 定员 和 经费 定额 标准 , 为 编制 预算 , 考核 预算 执行 情况 提供 依据 , 为 改革 预算 编制 工作 打好 基础 . -- 40
我们 有 丰富 的 自然 和 人力资源 , 我们 能 建设好 自己的 国家 . -- 14
但是 , 必须 承认 , 回归 和 " 一国两制 " 是 新 事物 , 没有 先例 可循 , 不可能 一 蹴 即 至 , 不 走 一点 弯路 不 付出 一点 " 学费 " 是 不可能 的 . -- 38
现在 , 美国 却 全然 置 国际 裁军 与 军控 取得 的 进步 于 不顾 , 执意 要 发展 部署 导弹 防御 系统 , 修改 《 反 导 条约 》 , 这 将 使 国际 裁军 与 军控 进程 出现 逆转 的 危险 . -- 44
加强 新 形势 下 的 精神文明 建设 , 一定 要 抓好 社区 这个 重要 环节 . 通过 深入 开展 创建 文明 社区 活动 , 使 精神文明 建设 落实 到 所有 基层组织 中 去 . -- 34
因此 , 修改 时 必须 注意 加强 对 法官 , 检察官 的 监督 , 建立起 内部 制约 腐败 的 有效 机制 . -- 22
朱 总理 及其 一行 是 9日 傍晚 在 圆满 结束 对 意大利 的 正式 访问 后 抵达 这里 , 开始 对 比利时 和 设在 这里 的 欧盟 总部 进行 正式 访问 的 . -- 33
座谈会 由 科技 部 部长 朱丽兰 主持 . -- 8
据悉 美国 的 几家 军火商 将 分享 600亿 美元 的 军火 生意 . -- 13
他 强调 , 各地区 , 各 部门 的 主要 负责人 要 亲自 挂帅 , 亲自 部署 , 组织好 大检查 工作 , 分管 领导 要 对 分管 地区 和 行业 的 检查 效果 负责 . -- 34
对 於 使用 童工 者 , 要 进行 严厉 处罚 , 特别是 对 致使 少年儿童 伤亡 的 企业 , 单位 和 个体工商户 , 更 要 依法 从重 处罚 . -- 29
但是 , 明确 地 将 一个 " 忠实 代表 " 扩展 为 三 " 忠实 代表 " , 并 将 三 " 忠实 代表 " 并列 提出 , 这 不仅 在 我们 党 的 历史 文献 中 是 第一 , 在 马克思主义 的 党建 学说 史 上 也是 第一 . -- 50
这个 阶段 的 历史 主题 , 是 解决 怎样 由 新民主主义 转变 为 社会主义 和 建设 什 幺 样 的 社会主义 两 个 问题 . -- 25
反思 这 段 历史 . 会 使 我们 更加 体会到 " 三 代表 " 提出 的 重要性 . -- 18
往 访 各国 与 欧盟 均 表示出 与 中国 进一步 扩大 经贸 和 金融 合作 的 强烈 愿望 . -- 19
-- 增进 相互 了解 , 扩大 共识 . -- 8
向 工商界 人士 介绍 中国 经济 及 回答 问题 时 , 场 内 不断 响起 热烈 掌声 . -- 18
发展 中欧 关系 是 中国 外交 政策 的 重点 之一 . -- 11
徐匡迪 还 向 美国 客人 介绍 了 上海 近期 经济 和 社会 发展 情况 . -- 15
这些 好的 经验 , 为 我们 开拓 干部 人事 制度 改革 的 新 境界 , 打开 新局面 , 实现 新 突破 奠定 了 坚实 基础 . -- 26
同时 , 在 国际上 , " 法 轮 功 " 企图 仰仗 西方 敌对 势力 对 我 施压 的 图谋 也 遭到 沉重 打击 . -- 25
双边 贸易 合作 的 质量 也 在 逐步 提高 , 两国 已经 在 能源 , 微电子 , 通信 , 商品流通 等 领域 启动 了 一些 大型 合作 项目 . -- 29
在 发生 少数 球迷 闹事 时 , 要 依法 果断 处置 , 迅速 制止 . -- 15
冷战 结束 后 , 俄罗斯 只顾 与 韩国 发展 关系 , 致使 俄 朝 关系 跌落 谷底 , 再加上 俄国 经济 恶化 , 无力 援助 朝鲜 , 俄罗斯 的 影响力 不断 下降 . -- 33
4月 开始 的 为期 3个 月 的 2000年 第二 反 偷渡 专项 行动 目前 正在 福建 开展 . -- 18
海湾 战争 的 直接 战场 是 伊 , 科 地区 , 但 受 战争 影响 的 却 扩大 到 整个 阿拉伯 地区 , 遭受 战争 之苦 的 则是 该 地区 所有 的 人民 . -- 34
俄 高度 重视 与 中国 发展 高水平 的 关系 , 加强 各 领域 的 合作 , 相信 双方 完全 有能力 推动 两国 经贸 关系 取得 更大 的 发展 . -- 29
朱邦造 在 回答 他们 有关 问题 时 做 了 上述 表示 . -- 12
时间 , 就是 主动 . " 迅速 报告 各 部队 现在 的 位置 . " -- 15
6月 末 , 国有 独资 商业银行 超额 准备金 率 为 7 · 8% , 其他 商业银行 超额 准备金 率 为 19 · 1% , 均 保持 较高 的 支付 能力 . -- 31
七月一日 , 谢长廷 公开 向 台湾 媒体 表示 " 台湾 与 大陆 仍 为 同一 个 国家 领土 的 基础 并未 改变 " , " 厦门 与 高雄 应该 是 同属 於 一个 国家 的 关系 " . -- 38
并 拟 於 七月十八日 至 二十日 成行 . -- 8
如果 其他 国家 愿意 向 朝鲜 提供 火箭 推进器 , 朝鲜 甚至 愿意 完全 利用 外国 技术 来 进行 和平 宇宙 研究 . -- 23
病情 好转 , 是 治疗 的 结果 . -- 8
六月二十七日 , 谢长廷 再次 向 台湾 媒体 表达 要 到 访 厦门 的 意愿 . -- 15
唐家璇 表示 , 中 印 作为 世界上 两 最大 的 发展中国家 , 我们 之间 不仅 有 著 相同 的 历史 经历 , 又 都 肩负 著 发展 经济 和 提高 人民 生活水平 的 共同 任务 . -- 36
但 当 公安 赶到 地下 赌场 时 , 早已 人去楼空 . -- 11
骗子 又 不能不 说谎 , 当 骗子 一本正经 地 撒 弥天大谎 时 , 善良 的 人们 往往 被 迷惑 住 了 . -- 22
经过 两 年 的 努力 , 脱困 工作 取得 了 重要 进展 , 超过 半数 国企 行业 脱困 工作 有 大 的 起色 . -- 24
" 要 悬崖勒马 ! " -- 5
在 一个 中国 原则 下 发展 两岸 关系 , 是 包括 台湾 同胞 在内 的 全 中国 人民 的 迫切 愿望 , 也是 不可 逆转 的 历史潮流 . -- 28
葛连成 说 , 我国 打击 走私 取得 的 巨大 成绩 得益 於 党中央 , 国务院 实行 的 严厉 打击 走私 的 政策 . -- 23
中方 感谢 白方 在 台湾 , 人权 问题 上 给予 的 一贯 宝贵 支持 . -- 15
马克思 指出 : " 占 统治 地位 的 思想 不过是 占 统治 地位 的 物质 关系 在 观念 上 的 表现 " . -- 23
美国 人 打 的 战争 是 高技术 的 现代 战争 , 需要 有 强大 的 经济 实力 作为 保障 . -- 20
江泽民 说 , 不久前 美 , 以 , 巴 三 方 关於 巴勒斯坦 最终 地位 的 戴维营 会谈 未能 达成 协议 , 我们 对此 深感 遗憾 . -- 27
今年 2月 , 俄 朝 双方 在 平壤 正式 签署 了 《 俄 朝 友好 睦邻 合作 条约 》 , 以此 代替 1961年 签署 , 1995年 废除 的 《 苏 朝 友好 合作 互助 条约 》 . -- 37
我们 高度 评价 里约 集团 在 地区 和 国际 事务 中 所 发挥 的 积极 作用 . -- 17
要 始终 用 " 三 代表 " 统一思想 , 提高 认识 , 坚决 抵御 各种 错误 思潮 的 侵蚀 , 坚定不移 地 维护 党 对 军队 的 绝对 领导 , 永远 忠于 党 , 忠于 人民 , 忠于 国家 , 忠于 社会主义 . -- 43
" 画 人 难 , 画 鬼 易 . " -- 10
20世纪 后半 叶 , 经济 的 全球化 以 人们 难以 预料 及 前所未有 的 速度 迅猛 推进 , 国 与 国 之间 的 经济 交流 和 依存 变得 越来越 重要 . -- 31
经济 全球化 包括 : 贸易 自由化 , 生产 一体化 和 金融 国际化 . -- 13
从 他们 的 战略 分析 , 所谓 " 决战 境外 " , 就是 想 把 战场 向西 推 , 从 台湾 本岛 推 到 海峡 中线 , 甚至 推 到 大陆 内地 . -- 33
陈水扁 当选 后 曾 提出 什 麽 " 一个 中国 议题 论 " , 随后 在 他 的 就职 演说 , 又 提出 什 麽 " 未来 的 一个 中国 说法 " , 到 最近 出笼 的 是 " 九二 年 精神 " . -- 44
人民 日报 网络 版 推出 了 财经 , 文娱 , 健康 , 观点 等 频道 . -- 16
他 强调 , 一个 中国 是 原则 问题 , 我们 不会 让步 . -- 13
前不久 , 我们 到 美国 进行 了 一 周 的 访问 , 就 有 切身 的 感受 . -- 18
此外 , 台湾 某些 财团 出现 危机 , 也 影响 了 投资者 的 信心 . -- 15
陈水扁 在 五月二十日 就职 时 曾 公开 宣示 , " 没有 废除 国 统 纲领 与 国统会 的 问题 " . -- 21
一 是 在 联合国 千年 首脑 会议 前夕 , 在 纽约 联合国大会 厅 演出 ; 二 是 第一 以 国家级 中国 文艺 团体 到 圣路易斯 , 印第安 纳波利斯 等 美国 内地 中小 城市 演出 . -- 35
江泽民 说 , 中 萨 虽然 相距 遥远 , 社会制度 和 发展 水平 不尽 相同 , 文化 传统 各异 , 但 同 为 亚太地区 的 发展中国家 , 均 肩负 著 维护 国家 主权 与 领土 完整 , 发展 经济 , 提高 人民 生活水平 的 任务 . -- 46
他 说 , 现行 税收 征管 法 赋予 了 税务 机关 一定 的 执法 手段 . -- 16
两国 在 国际 和 地区 事务 中 也 进行 了 密切 的 合作 . -- 14
在 检查 中 还要 注意 总结 各地区 各 部门 贯彻执行 刑事诉讼 法 的 经验 , 发现 好的 典型 . -- 19
在 一些 地方 , 为了 少数人 的 享乐 , 不惜 发动 战争 , 侵占 别国 领土 , 掠夺 别人 财富 , 民不聊生 , 生灵涂炭 , 给 一方 人民 带来 无穷 的 痛苦 . -- 33
二 是 认真 排 查 影响 社会 稳定 和 治安 的 突出 问题 , 及时 , 妥善 地 处理 人民内部矛盾 纠纷 , 防止 矛盾 激化 . -- 26
钱其琛 对 台湾 日前 遭遇 台风 袭击 造成 人员 与 财产 损失 十分 关心 , 对 遇难 和 受灾 同胞 表示 哀悼 和 亲切 慰问 . -- 26
专利 代理 机构 的 具体 管理 办法 由 国务院 规定 . " -- 12
出访 前 , 是非 去 不可 ; 出访 后 , 是 心 在 台湾 , 小 减 二十 小时 也 甘愿 . -- 22
针对 美国 宗教界 人士 提出 的 有些 新闻 报道 称 中国 逮捕 基督徒 的 传言 , 中国 基督教 协会 副会长 曹圣洁 牧师 说 , 她 不知道 报道 中 所 提 案例 的 具体 情况 , 但是 有 一点 可以 肯定 , 在 中国 没有人 会 因为 宗教 信仰 被 逮捕 . -- 51
会议 审议 批准 了 国务院 关 於增发 500亿 元 长期 建设 国债 用 於 增加 固定资产 投入 和 调整 2000年 中央 财政 预算 的 议案 . -- 26
领导 成员 要 密切 联系群众 , 改进 工作 作风 , 深入 教学 , 科研 第一线 , 解决 实际 问题 , 发挥好 教职工 在 学校 改革 和 发展 中 的 重要 作用 . -- 32
张全景 说 , 江泽民 同志 指出 , 高校 的 党委书记 , 校长 应该 努力 成为 社会主义 的 政治家 , 教育家 . -- 21
这 43万 字 的 小说 , 1997年 出版 , 共 发行 了 十 几万 册 , 影响 很大 . -- 19
这是 因为 影片 贴近 现实 生活 , 直面 社会 矛盾 , 在 权 与 责 , 义 与 利 , 情 与 法 的 剧烈 冲突 中 塑造 有血有肉 的 人物 形 像 , 做到 了 思想性 与 艺术性 , 震撼 力 与 感染力 的 有机 统一 . -- 48
在 回答 关於 中国 宗教界 对 政府 取缔 " 法 轮 功 " 持 何种 态度 的 提问 时 , 圣 辉 法师 说 : " 法 轮 功 " 造成 了 1600 多人 死亡 , 与 毒品 对 人 的 危害 没有 区别 . -- 45
" 人民 网 面世 值得 庆贺 " 8月 23日 上午 , 人民 日报 社 社长 白克明 , 总编辑 许中田 由 副 总编辑 兼 网络 中心 主任 吴恒权 陪同 到 现场 观看 了 " 人民 网 " 展位 , 祝贺 " 人民 网 " 首次 公开 亮相 . -- 47
1月4日 , 朝鲜 与 意大利 建立 外交关系 , 从而 使 意大利 成为 继 奥地利 , 丹麦 , 芬兰 , 葡萄牙 和 瑞典 之后 , 第六 与 朝 实现 关系 正常化 的 欧盟 国家 , 也是 西方 七 大 工业化 国家 中 第一 与 朝鲜 正式 建立 外交关系 的 国家 . -- 50
《 ? ? 望 》 文章 : 对待 侵略 历史 的 两 反差 新华社 北京 8月28日 电 新华社 主办 的 《 ? ? 望 》 新闻 周刊 在 今天 出版 的 第35 上 , 发表 了 署名 唐天日 的 文章 , 题目 是 《 对待 侵略 历史 的 两 反差 》 . -- 52
会议 以 邓小平 理论 为 指导 , 全面 分析 了 我国 人口 老龄化 的 发展 趋势 , 总结 交流 了 老龄 工作 的 经验 , 进一步 明确 了 老龄 工作 的 指导思想 , 方针 原则 和 工作 目标 , 就 做好 老龄 工作 作出 部署 . -- 46
罗干 强调 , 各地区 和 有关 部门 要 认真 研究 开展 矛盾 纠纷 排 查 调处 工作 的 方式 方法 , 不断 总结经验 , 因地制宜 , 讲求 实效 , 使 这项 工作 能 长期 , 有效地 开展 下去 . -- 39
中国 政府 将 继续 奉行 对 日 友好 政策 . -- 10
据 村民 反映 , 周银荃 因 建 屋 等 问题 和 村 支书 村 治保 主任 等 村 干部 发生 过 冲突 , 曾 在 村里 贴 村 干部 的 " 大字报 " , 并 被 公安 部门 拘留 过 . -- 41
他 曾多次 访问 中国 , 长期以来 一直 积极 致力 於 冰 中 两国 之间 的 民间 友好 交往 , 特别是 在 文化 领域 的 交流 与 合作 . -- 28
这 正是 广大 发展中国家 所 担心 的 一个 问题 . -- 10
他 亲自 访问 了 两 普通 家庭 , 看到 他们 的 生活 幸福 , 愉快 , 安宁 , 而且 享受 政府 提供 的 社会保障 , 这 给 他 留下 了 深刻 的 印 像 . -- 35
他 认为 社会主义 国家 需要 大力 发展 生产力 , 而 只有 同 其他 国家 和平共处 , 才能 保证 达到 这 一 目的 . -- 23
8月 约万诺维奇 外长 访问 古巴 期间 , 他 还 与 古巴 外资 和 经济 合作 部长 签署 了 双边 保护 和 促进 投资 协定 , 双方 企业界 代表 也就 发展 双边 贸易 往来 进行 了 会谈 . -- 37
竭力 为 民族 分裂 分子 呐喊助威 , 拓展 其 " 国际 生存 空间 " , 阻挠 我国 的 统一 步伐 , 妄图 使 我国 永远 处于 分裂 分 治 状态 . -- 31
所以 , 截至 2015年 , 三 个 阶段 共需 600亿 美元 以上 . -- 13
姜春云 强调 , 江泽民 同志 曾 指出 " 基础 不 牢 , 地动山摇 " , 说明 做好 基层 基础 工作 的 极端 重要性 . -- 24
现在 , 中国 对外贸易 位居 世界 第九 , 经济 规模 则 居 世界 第七 . -- 15
李秋芳 在 研讨会 开幕式 致辞 中 指出 , 中华 民族 是 个 大家庭 , 共同 的 祖先 与 文化 传统 使 我们 血脉 相连 , 情同手足 . -- 27
国际 社会 立即 对 朝鲜 的 反应 表示 广泛 理解 , 美国 的 不 正常 行动 受到 了 应有 的 批评 . -- 22
法院 以 贪污罪 判处 被告人 王进 无期徒刑 , 剥夺 政治权利 终身 , 并 处 没收 财产 人民币 20万 元 ; 以 贪污罪 判处 被告人 刘西荣 有期徒刑 15 年 , 并 处 没收 财产 人民币 10万 元 . -- 37
改革开放 的 实践 使 人们 从 社会 的 巨大 变化 中 , 从 经济 发展 和 生活 改善 中 , 体会到 了 社会主义 给 自己 带来 的 实实在在 的 利益 和 好处 , 体会到 了 社会主义制度 的 优越性 . -- 39
院校 是 培养 人才 的 地方 , 对 我军 的 未来 和 发展 关系 重大 , 在 学习 实践 " 三 代表 " 重要 思想 方面 , 必须 有 更高 的 标准 和 要求 . -- 35
瑞典 外交 大臣 安娜 . 林德 重申 , 欧盟 将 继续 坚持 一个 中国 的 政策 . -- 17
朝鲜 希望 中国 共产党 和 中国 人民 按照 自己的 国情 和 意愿 把 中国 的 事情 办得 更好 . -- 19
唐家璇 说 : 这些 共识 对 我们 的 工作 有 重要 的 指导 意义 , 应 切实 落实 . -- 19
李鹏 委员长 珍惜 老朋友 , 又 能 结交 许多 的 新 朋友 , 我们 感到 高兴 . -- 17
直到 今天 , 他们 对 中国 的 新闻 报道 依然 充满 了 偏见 , 歪曲 甚至 诬蔑 . -- 18
没有 稳定 的 社会 环境 , 新疆 的 开发 就 难以 实施 . -- 13
北京 军代局 建立 区域 协作 , 走出 了 一 条 军品 研制 生产 的 良性 循环 之路 . -- 18
如果 台海 战争 爆发 , 海运 被 封锁 , 支撑 经济 发展 的 外贸 必将 严重 受挫 , 许多 工业 生产 部门 就 会 停产 倒闭 , 整体 经济 就 会 面临 巨大 冲击 . -- 35
整个 建议 减刑 假释 的 审批 过程 处在 公开 的 状态 中 . -- 13
他们 目的 就是 要 拖延 和 阻挠 法案 的 通过 , 从而 破坏 中美 关系 . -- 16
由于 乡镇企业 吸纳 就业 能力 相对 下降 , 城镇 再就业 压力 加大 等 原因 , 农业 劳动力 向 非 农 产业 转移 困难重重 , 农村 就业 压力 持续 加大 . -- 30
这就是 在 中国 人民 心目 中 为什麽 将 一些 西方 传教士 与 帝国主义 侵略 与 鸦片 商 联系 起来 的 原因 . -- 22
江主席 的 这些 重要 论述 , 为 加强 新 形势 下 的 思想 政治 教育 提供 了 科学 依据 , 指明 了 正确 方向 . -- 25
这 期 研究班 是 由 中组部 与 国防 科工委 共同 主办 的 . -- 13
国务院 侨办 主任 郭东坡 , 外 经贸部 部长 石广生 , 国务院 发展 研究 中心 主任 王梦奎 等 会见时 在座 . -- 20
其次 , 美国 航空母舰 在 中 近海 发射 巡航导弹 的 办法 也 无法 取得 明显 的 效果 . -- 18
固定 通信 网 与 移动 通信 网 的 规模 分别 居 世界 第二 和 第三 . -- 16
东西方 的 排列 顺序 虽 有 先后 , 但 二者 在 俄 外交 中 占有 的 位置 几乎 同等 重要 . -- 21
陈明端 要求 各单位 通过 这次 会议 , 结合实际 推广 普及 先进 单位 的 经验 做法 , 全面 加强 省军区 部队 基层 党支部 建设 , 推动 各项 工作 落实 . -- 29
这 表明 我国 的 对外 经济 贸易 已 逐步 走出 亚洲 金融 危机 的 阴影 , 重新 步入 高速 增长 的 轨道 . -- 23
着眼 战备 需要 的 人民 防空 体系 记 : 人防 是 一个 复杂 的 系统工程 , 它 不仅仅是 挖 一些 " 防空洞 " , 而是 要 通过 众多 工作 , 形成 一个 防空 体系 , 东北 地区 人民 防空 体系 是 如何 建立 和 发展 起来 的 呢 ? -- 49
全区 国家 人防 重点 城市 警报 覆盖率 和 鸣响 率 达到 100% , 全区 人防 通信 警报 建设 逐步 走上 了 多 手段 , 多 网络 的 配套 化 发展 之路 . -- 32
省委 常委 , 省 公安 厅 厅长 俞国行 作 了 1998年 以来 省 公安厅 执法 工作 自查 报告 . -- 19
到 今年 年底 , " 九五 " 计划 中 几 十 个 关于 城乡 人民 生活水平 的 奋斗 目标 , 全部 可以 实现 . -- 24
要 加强 新闻 队伍 政治 建设 , 业务 建设 , 作风 建设 . -- 13
各级领导 干部 尤其是 党政 主要 负责 同志 , 一定 要 从 成克杰 案件 中 认真 吸取教训 , 把 坚持 民主集中制 和 开展 批评与自我批评 提高到 政治 的 高度 来 对待 . -- 30
严肃 法纪 , 惩治 腐败 , 必须 切实 做到 如下 几点 : 一 要 坚决 . -- 16
与会 代表 还 希望 梵蒂冈 能 改变 错误 的 对华 政策 , 不要 为 中 梵 关系 的 改善 设置 新 的 障碍 . -- 24
王英凡 指出 , 发达国家 应 进一步 向 发展中国家 开放 市场 , 尽早 使 官方 发展 援助 达到 占 其 国民生产总值 的 百分之零点七 的 目标 , 全面 有效地 解决 发展中国家 的 外债 问题 . -- 33
奥运 健儿 为 祖国 的 荣誉 而 战 , 祖国 为 有 这样 优秀 的 儿女 骄傲 ! -- 18
这样 上下 合成 一气 , 才能 产生 巨大 的 力量 , 保证 " 从严 治 官 " 治 出 成效 . -- 21
今后 对 政府 还有 什 麽 信心 可言 . -- 9
不可 抗拒 的 大陆 因素 当然 , 也 可 从 另外的 角度 思考 . -- 14
当地 许多 居民 也 认为 " 法 轮 功 " 练功 行善 是 骗人 的 , 这个 组织 纯粹 是 某些 人 政治 斗争 的 工具 . -- 27
这 意味 ¨ 有 脑 者 可 " 先 富起来 " . -- 12
他 强调 , 这次 论坛 是 中非 关系 史 上 没有 先例 的 一件 大事 , 它 对 於 推动 中非 关系 在 新世纪 的 发展 具有 重要 意义 . -- 30
面向 21世纪 的 中日 经贸 合作 有 著 良好 的 发展 前景 . -- 13
阿尔及利亚 的 独立 和 建设 都 得到 了 中国 的 真诚 帮助 . -- 13
李鹏 说 , 中国 和 多哥 地理 上 相距 遥远 , 但 感情 上 非常 亲近 . -- 17
毛泽东 , 周恩来 和 邓小平 多次 强调 战争 的 责任 在 少数 军国主义 分子 而 不在 日本 人民 , 日本 人民 同样 是 受害者 . -- 25
大使 介绍 , 一九九八年 底 在 江主席 访日 期间 , 中日 之间 签订 了 三十三 合作 项目 , 这些 项目 包括 政治 , 经贸 , 科技 , 文教 , 全球化 问题 , 地域 问题 等 极 广泛 的 领域 . -- 40
战舰 编队 浩荡 向前 . -- 5
他 指出 , 目前 北方 地区 严重 缺水 , 党中央 , 国务院 对此 十分 关心 . -- 16
我们 主张 以 " 一国两制 , 和平 统一 " 方针 实现 统一 , 不是 要 改变 台湾 的 现行 制度 和 人民 的 生活方式 . -- 25
这些 成就 来之不易 , 是 与 人民 大学 几代 师生员工 的 艰苦奋斗 和 辛勤 劳作 所 分不开 的 . -- 19
他 说 , 中国 拥有 悠久 的 历史 和 灿烂 的 文化 . -- 13
" 红军 " 两 列 坦克 " 突击队 " 穿过 弥漫 的 硝烟 , 对 依托 坚固 阵地 顽抗 之 敌 实施 钳形 夹击 , 在 距 敌 2000多 米 处 突然 行进 间 射击 , 一阵 炸响 过后 , " 敌 " 地堡 灰飞烟灭 . -- 46
我国 人民 生活水平 总体 达到 小康 , 这是 了不起 的 事情 . -- 12
三 是 内容 丰富 , 形式多样 . -- 7
他 说 , 中国 希望 这些 国家 能够 从 维护 同 中国 双边 友好 合作 关系 大局 出发 , 充分 认识到 允许 李登辉 访问 的 敏感性 严重性 和 危害性 , 切实 履行 " 一个 中国 " 的 承诺 . -- 39
去年 以来 , 朝鲜半岛 及其 周边 地区 的 形势 继续 变化 , 有利 於 有关 国家 之间 关系 调整 的 因素 增加 . -- 23
去年 底 , 当时 的 台湾 副总统 连战 也曾 表示 台湾 要 发展 中 , 远程导弹 . -- 17
按照 规划 , 新 展馆 占地 面积 三十万 平方米 , 建筑面积 二十万 平方米 , 二零零三年 首期 工程 要 建成 投入 使用 . -- 22
明年 开放 小 三通 , 我方 的 船舶 一定 可以 行驶 到 对岸 . -- 14
未来 高技术 战争 , 将 不再 是 单一 作战 体系 和 单 件 武器 装备 的 对抗 , 而是 系统 与 系统 , 体系 与 体系 的 对抗 . -- 29
我国 正 处在 产业 结构 大 调整 的 历史 时期 , 重复 建设 , 产业 结构 不合理 等 问题 , 加上 一些 矿山 资源 枯竭 , 使 下岗 职工 问题 变得 比较 突出 . -- 34
没有 稳定 的 政治 和 社会 环境 , 一切 无从 谈起 , 再 好的 规划 , 方案 都 将 落空 . -- 21
这些 都 使 美国 增加 了 与 朝 缓和 关系 的 紧迫性 . -- 13
立足 当前 , 着眼 未来 , 开拓 进取 , 加强 统筹 规划 和 分类 指导 , 扎扎实实 地 推进 大 开发 . -- 22
中国 海洋 卫星 地面 接收 系统 的 其他 工程 也 在 建设 之中 . -- 14
继续 加强 和 发展 朝 中 友谊 符合 两国 人民 的 根本 利益 , 对 维护 亚洲 及 世界 的 和平 与 安全 具有 重要 意义 . -- 27
新华社 北京 10月26日 电 ( 人民 日报 记者 王彦田 新华社 记者 李佳路 ) 国务院 今天 召开 电视电话 会议 , 针对 当前 生产 销售 假冒伪劣 商品 违法 犯罪 活动 猖獗 的 问题 , 部署 深入 开展 打假 联合 行动 . -- 39
他们 说 , 中国 的 变化 不仅 引起 他们 的 浓厚 兴趣 , 而且 使 他们 感到 振奋 , 因为 中国 经济 的 发展 是 对 世界 经济 发展 的 重要 贡献 . -- 33
只有 不断地 进行 改革 , 司法 实践 中 遇到 的 问题 才能 得到 解决 , 有 中国 特色 的 司法 体制 才能 建立 起来 . -- 25
他 说 , 半个世纪 以来 , 尽管 世界上 发生 了 许多 变化 , 但中芬 关系 一直 保持 顺利 和 稳定 的 发展 . -- 23
胡锦涛 充分 肯定 了 海峡 两岸 妇女 交流 活动 为 促进 两岸 经济 文化 合作 , 增进 两岸 人民 相互 了解 与 共识 所 发挥 的 重要 作用 . -- 29
吴仪 在 为 大会 发来 的 贺词 中 说 , 本次 大会 是 中国 政府 部门 和 联合国 开发 计划 署 在 推进 中国 现代 物流 与 电子商务 发展 方面 进行 的 一次 有意义 的 合作 . -- 37
连战 提出 九二 共识 的 事实 , 陈水扁 却 指 " 我 的 部属 告诉 我 , 没有 这回 事 . -- 21
尉健行 还 对 中 蒙 两国 议会 的 交往 与 合作 予以 积极 评价 , 希望 双方 进行 更加 富有 成效 的 交往 , 为 促进 两国 关系 发展 而 继续 努力 . -- 33
修正案 规定 : " 国家 鼓励 和 引导 归侨 , 侨眷 依法 投资 兴办 产业 , 特别是 兴办 高新技术 企业 , 各级 人民政府 应当 给予 支持 , 其 合法权益 受 法律 保护 . " -- 34
李鹏 委员长 访 俄 时 指出 , 中俄 经济 互补性 强 , 潜力 巨大 , 应 切实 通过 经贸 合作 充实 战略 协作 伙伴 关系 的 物质 基础 . -- 29
这样的 " 临门 一 脚 " , 终 於促 成连 陈水 扁 自己 也曾 不 抱希望 的 结果 出现 了 . -- 21
而且 对 共和党 颇具 影响力 的 企业界 , 也 亟盼 新政府 能够 与 中共 政权 维持 友好 关系 , 以 促进 双方 的 贸易 与 投资 活动 ; 如此 一来 , 小 布希 对 中共 势必 要 谨言慎行 , 以免 激怒 企业界 的 支持者 . -- 45
世界 的 整体 性 发展 需要 各国 加强 相互间 的 对话 和 接触 , 增进 彼此 间 的 了解 和 理解 . -- 22
科技 发展 不仅 涉及 自然科学 和 工程 技术 , 也 包括 社会科学 领域 . -- 14
讲话 结束 了 , 许多 人意 犹 未尽 , 仍在 回味 著 李瑞环 讲话 中 有关 " 团结 , 稳定 , 发展 , 繁荣 " 的 精辟 论述 . -- 29
林和立 觉得 所谓 多元化 只是 借口 , 也 不 希望 留在 报馆 内 花 时间 在 办公室 政治 中 , 故此 辞职 . -- 23
全国 人大 内务 司法 委员会 副 主任委员 顾金池 希望 与会 代表 结合 本地 执法 的 实际情况 , 进一步 贯彻执行 好 村民委员会 组织法 . -- 23
他 说 , 芬 中 建交 50 年 来 , 两国 关系 不断 发展 . -- 15
在 全球性 的 冷战 因 苏联 解体 和 东欧 剧变 宣告 结束 后 , 亚洲 的 冷战 格局 并 没有 随之 消失 . -- 23
加强 中 老 长期 睦邻 友好 , 符合 我们 两国 人民 的 根本 利益 . -- 15
移民 要 采取 开发 式 移民 的 方式 , 要 注重 其 今后 建设 发展 的 长远 规划 . -- 19
迟浩田 首先 转达 了 李鹏 委员长 对 布马扎 的 诚挚 问候 和 良好 祝愿 , 并 请 布马扎 转达 江泽民 主席 对 阿尔及利亚 总统 布特弗利卡 的 亲切 问候 和 良好 祝愿 . -- 32
布什 当天 夜间 即 发表 电视 讲话 拒绝 了 戈尔 的 建议 . -- 13
邱晓华 认为 , 前 三 季度 消费 增长 达到 百分之九点九 , 也 多少 与 政府 提高 工资 离退休 以及 城市 保障 线 标准 延长 节假日 以及 推进 住房 改革 有关 . -- 31
中方 也 愿 一如既往 与 文莱 保持 良好 的 协调 与 配合 . -- 13
一九二二年 发表 的 《 孙逸仙 宣言 》 中 说 , " 中国 是 一个 统一 的 国家 , 这一点 已 牢牢 地 印 在 我国 的 历史 意识 之中 , 正是 这种 意识 才 使 我们 能 作为 一个 国家 而 被 保存 下来 . " -- 46
要 从 实现 " 三 代表 " 的 要求 , 为 跨入 新世纪 将 面临 的 挑战 做好 思想 , 政治 , 组织 准备 的 战略 高度 , 充分 认识 搞好 高校 ' 三 讲 " 教育 的 重要性 , 积极 做好 每个 阶段 的 工作 , 不断 提高 思想 认识 , 切实 防止 和 克服 厌烦 松劲 情绪 . -- 60
金融 资产 管理 公司 资产 处置 管理 办法 由 财政部 制定 . -- 12
科威特 是 石油 生产 大国 , 中国 愿 在 石油 领域 与 科 建立 长期 友好 合作 关系 , 进一步 扩大 两国 在 经贸 , 石油 等 领域 的 合作 , 探索 , 拓宽 合作 新 途径 . -- 38
第二 , 加强 节水 设施 建设 和 节水 技术 推广 . -- 11
遭受 水灾 的 地区 要 组织 群众 抓紧 抢修 水 毁 工程 , 整修 受 淹 农田 , 做好 病 险 水库 的 除 险 加固 工作 . -- 28
所谓 " 三 认知 " 系 跨 党派 小组 认为 : -- 11
首先 他们 不会 取得 盟国 的 赞同 , 其次 中美 之间 的 经济 关系 及 其他 方面 的 关系 已 发展 到 目前 这种 程度 , 这样 做 对 美国 也 不利 . -- 33
她 指出 , 阿齐兹 表示 希望 中国 能 继续 为 公正 合理 地 解决 伊拉克 问题 发挥 重要 作用 . -- 20
海协 将 海基会 的 口头 表述 方案 附 在 这 份 函 中 , 作为 双方 彼此 接受 的 共识 内容 . -- 22
全党 要 认真 总结 和 深化 对 经济 工作 规律 的 认识 , 在 发展 社会主义 市场经济 和 扩大 对外开放 的 条件 下 , 不断 提高 领导 经济 工作 的 水平 和 驾驭 经济 全局 的 能力 . -- 38
唐家璇 还 转达 了 江主席 对 科什图尼察 在 明年 方便 的 时候 正式 访华 的 邀请 . -- 17
这 支 职业化 的 经营者 队伍 , 有 内在 的 动力 , 把 劣势 企业 退出 市场 作为 维护 公司 资本 利益 和 实现 自己 各项 签约 责任 的 自觉 行为 . -- 32
第一 , 要 著 眼 於 提高 广大 农村 基层 干部 的 素质 . -- 14
现在 应当 做 什 麽 ? 将来 身后 留什 麽 ? " , 并 把 学习 收获 体现 到 整改 工作 上 . -- 23
大家 听 了 兴趣 大 增 . -- 7
帮助 农民 解决 生产 经营 中 的 实际 困难 , 做好 一家 一 户 干不了 , 干不好 的 事 , 为 农民 发展 经济 创造 条件 . -- 27
他 说 , 中国 和 亚美尼亚 两国 在 国际 组织 中 相互 支持 , 相互 配合 , 保持 著 良好 的 合作 关系 . -- 24
江泽民 强调 , 在 新 的 世纪 里 , 只有 坚持 发展 我们 党 领导 的 最 广泛 的 爱国 统一战线 , 团结 全体 中华 儿女 共同 奋斗 , 实现 中华 民族 的 伟大 复兴 , 才 更 有 成功的 把握 . -- 42
在 衣 , 食 , 住 , 行 , 文教 娱乐 等 消费 支出 中 , 食品 , 衣 著 支出 呈现 平缓 增长 , 而 交通 通讯 , 居住 , 文教 娱乐 消费 却 快速 增长 , 逐渐 成为 居民 的 消费 热点 . -- 45
设在 亚特兰大 的 联邦 第十一 巡回 上诉 法院 6日 下午 驳回 了 共和党 方面 提出 不应 承认 佛州 人工 计票 的 上诉 . -- 23
今天 的 中国 人民 , 包括 中国 作家 , 享有 各种 法律 保障 下 的 权利 和 自由 , 包括 言论 自由 和 创作 自由 . -- 26
他 预测 说 , 今年 全国 进出口 总额 将达 四千五百亿 美元 , 预计 增长 幅度 达 百分之二十五 . -- 18
北京 消息 人士 透露 , 北京 近日 召开 中央军委 扩大会议 , 会议 昨天 闭幕 . -- 15
亚洲 金融 危机 带 给 人们 的 一个 深刻 教训 是 , 银行 越 小 , 越 难 抵御 狂风恶浪 . -- 21
澳门 回归 一 周年 , 中央政府 坚定 贯彻 " 一国两制 " 方针 , 支持 澳门 特区 政府 依法 施政 . -- 20
各 实验 区 积极 探索 , 总结出 了 许多 好的 经验 . -- 12
" 十五 " 期间 我国 将要 发射 的 30 卫星 , 包括 通信卫星 , 导航卫星 , 气 像 卫星 , 资源 遥感 卫星 , 空间 探测 卫星 等 15 . -- 30
7个 月 后 , 奔赴 朝鲜 战场 , 与 数量 是 我 120 , 飞行 时间 是 我 50 , 号称 世界 第一 的 美国 空军 展开 较量 , 创造 了 惊人 战绩 . -- 34
第五 , 加强 源头 参与 , 加大 宏观 维护 力度 . -- 11
尤其是 重修 京义 铁路 协议 的 达成 , 将 使 这 条 连接 北 南 的 经济 大动脉 焕发 巨大 活力 , 对 发展 北 南 经济 合作 以及 建设 " 欧亚 大陆 桥 " 都 有 重要 意义 . -- 40
选民 们 关注 更多 的 是 关系到 他们 切身 利益 的 美国 国内 政策 , 如 税收 , 社 | 福利 , 医疗 照顾 , 教育 等 , 因此 无论 是 布什 还是 戈尔 , 都 没有 在 竞选 中 把 精力 花费 在 阐述 其 ~ 交 政策 和 对华 政策 上 . -- 54
当然 , 对 於布什 总统 最终 将 采取 什 麽 具体 政策 , 目前 仍 尚 难 下 断语 , 因为 每 一 届 新政府 上台 伊始 都会 对 美国 的 对外 政策 作 重新 审查 . -- 37
这 充分 表明 澳门 人 不仅 可以 管理好 澳门 , 而且 可以 比 过去 管理 得 更好 . -- 18
不过 , 随 著 李远哲 在 九月二日 跨 党派 小组 第一 会议 上 发表 专文 , 提出 回到 九二 共识 的 主张 , 他 的 建议 引起 大陆 注意 . -- 30
丘芷慧 一一 作 了 回答 , 并 天真 地 问 : " 以后 您 还 来不来 澳门 ? -- 18
新华社 北京 十二月二十日 电 ( 记者 李佳路 ) 国务院 副总理 吴邦国 今天 在 给 全国 煤矿 安全 监察 工作会议 的 批示 中 要求 : 强化 安全 监察 , 加大 执法 力度 , 严防 重大 , 特大 责任事故 发生 . -- 39
广大 市民 不可不 察 . -- 5
如 浙江 温岭市 以 张畏 为首 的 黑帮 , 就 得到 原 温岭市 市长 周建国 原 温岭市 公安局 局长 杨卫中 等 六十七 中共 官员 " 帮助 " . -- 28
广东 地区 以 打击 港澳 黑帮 为主 福建 和 上海 以 打击 台湾 黑帮 为主 . -- 16
与会者 表示 , 要 深入 学习 贯彻 会议 精神 , 结合 自身 特点 , 充分 发挥 优势 , 为 建设 有 中国 特色 社会主义 的 经济 , 政治 , 文化 服务 , 为 维护 安定团结 的 政治 局面 服务 , 为 实现 祖国 完全 统一 服务 , 为 维护 世界 和平 与 促进 共同 发展 服务 . -- 57
法律 委员会 根据 这 一 意见 在 草案 中 增加 了 这 方面 的 内容 . -- 16
在 洛杉矶 , 角逐 州 议员 席位 者 就 有 四 华人 . -- 13
华人 参政 促进会 和 亚洲 人 平等 会 , 以及 数以千计 的 竞选 义 工 , 对 於 提高 华人 的 参政 意识 也是 功 不可 灭 . -- 28
在 霸权主义 和 强权政治 依然 存在 并 有 新 的 发展 , 特别是 在 国家 和平 统一 的 基础 遭受 严重 威胁 的 情况 下 , 中国 必须 加强 运用 军事 手段 捍卫 主权 和 安全 的 能力 . -- 39
公开 的 时间 要 与 公开 的 内容 相适应 . -- 10
坚持 主题 不变 , 充实 内容 , 一 抓 到底 , 抓出 成效 , 在 巩固 , 提高 , 延伸 , 辐射 上下 功夫 , 在 求新 , 求实 , 求 进 上下 功夫 . -- 35
但是 即将 跨越 三个 世纪 的 国民党 , 却 还是 要 面对 党内 不同 意识形态 之争 . -- 17
而 美国 现阶段 防止 或 避免 两岸 战争 的 原则 就是 : 台湾 不 独立 , 中共 不 动武 , 双方 寻求 和平 方式 解决 . -- 26
二十世纪 特殊 的 时代 条件 和 中国 特殊 的 历史 条件 造就 了 毛泽东 这样 伟大 的 天才 . -- 19
珠 百 员工 称 , 管理 的 混乱 造成 了 ' 好处 ' 都 让 各级领导 得 去 了 . -- 20
据悉 , 科技 部 将 安排 资金 支持 国际 科技 合作 计划 的 实施 . -- 15
随 著 人口 的 增长 , 经济 社会 的 快速 发展 , 水 , 粮食 , 石油 等 战略性 资源 的 紧缺 将对 我国 今后 的 可持续发展 构成 严重 威胁 . -- 31
积极 探索 以 中外合资 产业 基金 , 风险 投资 基金 方式 引入 外资 . -- 14
对 西部 地区 优势 产业 及 出口 创汇 项目 引进 国外 先进 技术 和 设备 , 国家 在 国外 商业 贷款 指标 安排 上 给予 支持 . -- 27
中央 有关 部门 , 东部 地区 大专院校 和 科研 机构 , 要 加强 对 西部 地区 提供 智力 服务 和 人才 支持 . -- 23
他 在 讲话 中 对 做好 明年 党建 工作 特别是 组织 工作 , 提出 了 明确 的 要求 . -- 19
请 曾 主任 介绍 一下 在 西部 大 开发 政策 中 有关 科技 教育 和 人才 的 政策 . -- 19
据统计 , 去年 全省 共计 为 受灾 台湾 同胞 捐款 二千余万 元人民币 , 充分 反映 了 闽 台 人民 之间 血 浓 於水 的 深情厚谊 . -- 26
他们 认为 中国 在 强大 , 在 发展 , 到 下个世纪 不仅 会 成为 一个 经济 大国 , 而且 会 成为 一个 军事 大国 . -- 25
目前 , 经 国务院 批准 , 已有 9 开发区 升级 为 国家级 经济技术开发区 . -- 14
随 著 这些 生态 建设 工程 的 实施 , 相信 " 再造 一个 山川 秀美 的 西部 " 的 目标 一定 能 实现 . -- 24
事实上 , 我国 彩电 市场 早已 处 於 买方 市场 , 全国 彩电 年产 能力 高达 4000万 台 , 而 市场 需求量 仍 为 2000万 台 , 价格 下跌 势所必然 . -- 31
在 长期 坚苦卓绝 的 斗争 中 , 中国 共产党 人 把 马克思主义 与 中国 革命 和 建设 的 实际 结合 起来 , 形成 了 毛泽东思想 和 邓小平 理论 . -- 29
山东省 已 按 有关 程序 , 撤销 阳信 县委 书记 刘成文 , 县长 王力 , 县 公安局 局长 王天河 的 职务 , 并 继续 依法 进行 调查 . -- 28
取而代之 则是 货币 分房 , 让 民众 自行 购 屋 ; 加上 大陆 预定 新年 初 取消 内 外销 房 限制 , 对 於 外资企业 来说 , 投资 商机 极大 . -- 31
思想 政治 建设 硕果 累累 , 科技 练兵 方兴未艾 , 后勤 改革 稳步 推进 , 武器 装备 明显 改善 , 整体 战斗力 不断 提高 , 人民军队 正在 跨世纪 发展 的 征程 上 高歌猛进 . -- 34
要 继续 完善 和 加强 国债 项目 的 管理 , 防止 重复 建设 和 盲目 建设 , 坚决 减少 浪费 行为 , 保证 项目 的 质量 , 确保 国债 使用 发挥 预期 效益 . -- 34
看不到 这一点 , 就 容易 产生 失误 , 就 会 发生 种种 挫折 . -- 14
原先 各方 推测 的 国防 部长 人选 中 , 并不 包括 伦斯 斐 , 而 华盛 顿时 报 曾 称 , 伦斯 斐 可能 出任 中央 情报局 长 . -- 29
随 著 苏联 的 解体 , 国际 政治 舞台 上 出现 了 一 超 多 强 的 新 格局 . -- 20
国民党 高层 人士 说 , " 你 台湾 当局 连 一个 中国 都 不 承认 , 不 承认 自己 是 中国 人 , 又要 谈什麽 " 小 三通 " , 真是 荒唐 岂有此理 " . -- 35
中国 外交 在 去年 取得 的 比较 突出 的 成就 归纳 起来 有 四 个 方面 : 首先 , 中国 与 各 大国 之间 的 关系 在 相对 稳定 中 得到 改善 和 发展 . -- 35
" 孙亚夫 却 未 直接 回答 , 只 重申 " 三通 是 一个 国家 的 内部 事务 , 要 在 一个 中国 , 直接 双向 , 互利互惠 的 原则 下 进行 " . -- 33
应该说 绝大多数 的 武器 已经 被 销毁 , 因此 我们 认为 应该 取消 对 它的 制裁 , 至少 是 逐步 地 缓解 . -- 23
有道是 " 搬起石头砸自己的脚 " , 谁 在 反华 的 梯子 上 爬 得 越 高 , 谁 就 会 跌 得 越 惨 . -- 24
据了解 , 目前 我国 投入 运营 的 核电站 有 两 , 在建 的 核电站 有 4 , " 十五 " 期间 还将 有一些 新 的 核电 项目 开工 . -- 29
在 开拓 国际 市场 的 同时 , 中航第二 集团 还 努力 开拓 国内 市场 并 取得 一定 成果 . -- 19
中 印 两国 人民 应该 进一步 加强 在 各个 领域 的 合作 , 为 两国 各自 的 发展 以及 世界 的 和平 做出 应有 的 贡献 . -- 27
旅游业 的 发展 , 离不开 民航 , 铁路 , 交通 等 产业 的 协作 配合 , 离不开 计划 , 财政 , 金融 等 部门 的 有力 扶持 , 离不开 商业 , 餐饮 , 娱乐 等 方面 的 配套 服务 . -- 40
事实 正是 如此 . -- 4
反对 阿拉法特 的 声音 不仅 来自 哈 马斯 等 激进 组织 , 现在 连 阿拉法特 自己 领导 的 " 法塔赫 " 组织 内部 也 有人 对 阿 氏 的 妥协 不满 . -- 32
将 群众性 创建 文明 城市 的 工作 不断 引向 深入 , 为 首都 的 改革开放 和 现代化 建设 提供 强大 的 思想 保障 , 精神 动力 和 智力 支持 . -- 30
鲍威尔 在 克林顿 政府 中 担任 参谋长 联席会议 主席 时 就 曾 反对 美国 介入 波黑 冲突 , 认为 美国 海外 驻军 战线 拉 得 太 长 . -- 28
他 说 , 中国 共产党 与 叙利亚 复兴 党 1986年 正式 建立 友好 关系 以来 , 高层 互访 不断 , 友好 往来 日益 增多 , 为 两国 关系 的 全面 发展 开辟 了 新 的 渠道 , 增添 了 新 的 内容 . -- 43
阿赫马尔 感谢 胡锦涛 的 介绍 . -- 6
我们 强调 与 印度 睦邻 友好 . -- 7
而 " 一 中原 非 问题 " , 意味 著 那 是 过去 的 一 中 , 而 非 现在 的 一 中 . -- 24
在 重大 科研 试验 任务 上 , 成功 才是 硬 道理 , 必须 竭尽全力 保 成功 . -- 17
当 江泽民 等 中央 领导 同志 来到 人民 大会堂 东 大厅 , 与 出席 会议 的 代表 们 见面 时 , 全场 响起 了 热烈 的 掌声 . -- 28
要 针对 农业 科技 领域 存在 的 突出 问题 , 下决心 对 农业 科技 体制 进行 改革 , 加快 建设 和 完善 新型 的 农业 科技 创新 体系 . -- 29
中 塞 建交 30 年 来 , 在 两国 领导人 的 关怀 和 培育 下 , 经过 双方 的 共同 努力 , 中 塞 友好 合作 关系 不断 得到 新 的 发展 . -- 33
大多数 作为 中 , 小 航天 弱国 的 国家 为了 扼制 大国 控制 空间 , 利用 空间 的 能力 , 也 会 发展 反 卫星 武器 等 天 战 武器 . -- 31
然而 , 由于 " 敌 " 特 战 队员 身 罩 反 侦察 隐形 衣 , 致使 我 战场 电视 侦察 系统 屏幕 上 只是 白茫茫 一片 . -- 28
经过 两 年 多 的 艰苦奋斗 , 本地区 一些 国家 的 经济 已 从 金融 危机 影响 中 走出 低谷 , 逐步 恢复 增长 , 正在 朝 著 好的 方向 发展 . -- 32
中共 中央 政治局 常委 , 全国 政协 主席 李瑞环 出席 茶话会 . -- 12
一些 世贸 组织 成员 在 发言 中 对 中国 代表团 为 推进 谈判 进程 所 作出 的 重要 努力 给予 了 高度 评价 . -- 24
三 , 在 提交 采访 申请 文件 上 , 我 有关 部门 只 要求 申请 者 提供 记者 所在 新闻 机构 的 证明 , 记者 简历 和 采访 计划 . -- 30
主要 采取 了 6 方法 : 一 是 对症下药 , 因 人 施教 . -- 14
美国 内 许多 有识之士 已 告诫 布什 要 慎重 处理 台湾 问题 , 特别是 售 台 武器 问题 , 以免 影响 中美 关系 的 大局 . -- 26
在 两岸 谈判 僵局 对峙 的 情势 下 , 江 八时 与 陈水扁 的 两岸 统 合 论 , 已 提供 两岸 接轨 复 谈 的 有利 契机 . -- 29
在 城市 管理 方面 , 既要 加强 城市 基础 设施 建设 , 更 要 重视 现代化 管理 . -- 18
在 教育 上 方面 , 布什 提出 了 一个 " 转学 券 计划 " , 允许 低收入 家庭 把 孩子 从 公立学校 转到 私立学校 . -- 25
自此 , 主张 两岸 签署 中程 协议 , 逐渐 成为 美国 的 政策 概念 . -- 15
此 案 涉及 党政机关 干部 42 人 , 司法 机关 干部 15 人 , 金融 机构 干部 10 人 , 牵扯 出 温岭市 原 市长 周建国 , 原 市委 常委 , 公安局 长 杨卫中 等 一批 重要 领导干部 . -- 39
陈云林 强调 , 分裂 不得人心 , " 台独 " 一定 挑起 战争 . -- 13
但是 , 一 年 多 来 , 这个 组织 的 行为 已经 远远 超过 其 登记 为 气功 组织 的 性质 , 露出 其 原来的 依靠 国际 势力 猖狂 进行 反华 颠覆 活动 的 真正 面目 . -- 37
大量 事实 表明 , " 法 轮 功 " 在 港 的 组织 和 活动 , 正在 发生 蜕变 的 质变 , 完全 是 假 宗教 , 文化 之 名 而 行 政治 之 实 , 对 其 已经 和 可能 产生 的 危害 , 必须 认真 加以 分析 和 严正 注视 . -- 53
双方 还 就 美国 售 台 武器 , 中国 加入 世界 贸易 组织 , 美国 的 " 国家 导弹 防御 系统 " 和 " 战区 导弹 防御 系统 " , " 法 轮 功 " 等 问题 坦诚 , 友好 地 交换 了 意见 . -- 45
社会保障 体系 是 社会 稳定 的 " 安全网 " , 世界 各国 都 把 它 作为 " 首要 工作 " . -- 21
李洪志 宣扬 的 " 法 轮 功 " 干 的 是 残害 生灵 的 勾当 . -- 16
至此 , 美国 的 对 中国 战略 基本 成形 . -- 10
坚持 解放 思想 , 实事求是 , 可以 说是 " 知 易 行 难 " . -- 15
身为 人 父 , 最 难 忍受 的 是 孩子 受 摧残 受 虐待 . -- 15
是 把 她们 带上 绝路 的 亲生 母亲 吗 ? -- 10
创新 , 是 智慧 的 花朵 , 知识 的 结晶 . -- 11
一向 以来 , 各国 政府 驻 港 外交 机构 及 访 港 官员 , 也 严格 遵守 有关 规定 , 不会 在 港 从事 与 身份 不 相符 的 活动 , 不 与 政治 团体 个别 接触 . -- 38
这位 发言人 说 , 有 一部分 人 心怀 险恶 用心 , 希望 美国 和 朝鲜 的 关系 永久 敌对 , 趁机 浑水摸鱼 . -- 23
据悉 , 新疆 各 部队 在 学习 的 基础 上 , 还有 针对性 地 开展 了 " 反对 迷信 崇尚 科学 " 的 无神论 专题 教育 . -- 27
同时 , 各 部队 还 派出 " 课外辅导 员 " 深入 偏远 农牧区 和 农牧 团 场 等 为 各民族 群众 普及 科普 知识 , 帮助 广大 农牧民 认清 " 法 轮 功 " 的 邪教 本质 , 共同 维护 边疆 的 繁荣 稳定 . -- 45
这 篇 题为 《 坚持 一个 中国 原则 推进 两岸 直接 " 三通 " 》 的 文章 说 , 所谓 " 小 三通 " , 即 金门 , 马祖 与 福建 沿海 的 直接 往来 . -- 36
一般 正常人 可能 不 明白 李洪志 所谓 " 上 层次 " , " 求 圆满 " 是 什 麽 意思 , 但 " 法 轮 功 " 信徒 是 心领神会 的 , 痴迷 者 更 坚信 不疑 . -- 38
未来 他 希望 把 双 城 论坛 的 议题 及 交流 项目 进一步 扩大 , 涵盖 文化 , 教育 等 其他 领域 . -- 23
他 说 , 过去 十 年 的 形势 显示 , 台商 到 大陆 投资 , 对 台湾 有利 . -- 19
报导 亦 引述 美国 情报 官员 的 话说 , 美国 联邦 调查 局 已经 列出 一 份 超过 三千 企业 的 清单 , 这些 都是 设在 美国 并 与 中共 政府 有 联系 的 企业 . -- 36
尤其是 海外 华侨 华人 , 纷纷 成立 反 " 独 " 促 统 的 组织 , 热情 为 中国 统一 奔走 呼吁 . -- 23
鼓励 跨国公司 来华 设立 研发 中心 和 地区 总部 . -- 10
亚太 经合 组织 高 官 会 是 由 各 成员 高级 官员 参加 的 例会 , 今年 将 举行 4 . -- 21
江泽民 还 向 客人 简要 介绍 了 中国 国内 情况 及 中方 对 当前 国际 形势 的 看法 . -- 19
要 在 垂直 垅 断 的 电力 产业 中 引入 竞争 机制 , 首先 必须 对 原有 产业 组织 结构 进行 重组 , 否则 就 无法 创造 市场 主体 和 公平 竞争 的 条件 . -- 35
电力 产业 的 改革 是 一 项 系统工程 , 具有 长期性 . -- 12
消息 人士 透露 , 庄如顺 在 自杀 未遂 后 , 对 涉及 远华 案 已有 悔 意 , 首先 揭发 福建省 委 宣传部 长 李闽忠 在 担任 漳州 市委 书记 期间 , 接受 赖昌星 贿赂 高级 房 车 等 . -- 40
调查组 据此 分析 认为 , " 鱼鹰 " 失事 可能 是 驾驶员 出现 了 严重 的 操纵 错误 . -- 19
多年来 , 中国 人民 为 支持 柬埔寨 人民 捍卫 国家 主权 和 领土 完整 , 为 实现 民族 和解 与 经济 建设 付出 了 巨大 努力 , 并 给予 了 无私 的 援助 . -- 34
在 一些 科研 单位 , 有些 专家 一 当 上 领导 , 他 的 学术 意见 也 成了 " 指示 " , 成了 绝对 正确 的 意见 . -- 28
这位 发言人 表示 , 各国 在 与 中华人民共和国 建交 签署 建交 公报 的 时候 也 承担 了 这样的 义务 . 所以 , 这些 国家 应该 履行 建交 公报 中 承诺 . -- 31
宁夏 依托 基层 党组织 , 明确 帮教 重点 , 采取 集中 开办 法制 教育 学习班 的 办法 , 对 " 法 轮 功 " 痴迷 者 进行 细致 的 思想 政治 教育 . -- 33
经 法医 现场 初步 检验 , " 尸体 头 东 脚 西 , 斗 拳 状 仰卧 , 属 爆燃 烧伤 不 深 , 死 因为 瞬间 窒息 死亡 . " -- 31
或者说 , 今年 两岸 关系 不太 可能 有 来自 台湾 各 党派 主动 的 可 导致 剧变 的 因素 . -- 20
这样 , 17 评估 团 成员 已 全部 到京 , 将 从 明天 起 对 北京 申奥 工作 进行 考察 . -- 21
他 不讲 真话 , 多 虚伪 啊 ! -- 8
在此 之前 , 还将 在 3月 或 4月 进行 新 的 导弹 助推器 试验 . -- 15
朱邦造 指出 , 在 伊拉克 问题 上 , 中方 的 立场 是 一贯 而 明确 的 . -- 17
团结 , 教育 , 挽救 大多数 " 法 轮 功 " 练习 者 , 是 全社会 的 共同 责任 . -- 20
自治区 党委 常务 副 书记 , 自治区 主席 列 确 出席 会议 并 作 重要 讲话 . -- 17
其实 , 朝鲜 伊拉克 利比亚 和 伊朗 等 都是 第三世界 国家 , 他们 根本 就 没有 核导弹 , 怎 麽 可能 对 美国 构成 核威胁 ? 不错 , 有些 国家 的确 拥有 少量 的 弹道 导弹 , 比如 伊拉克 就是 一 例 . -- 43
以 本人 对 美国 的 长期 研究所 见 , 感到 美国 人 忧患 意识 特别 强 , 很少 有 自吹自擂 的 时候 , 总 感觉 自己 这 也 不行 , 那 也 不足 , 颇有 点 高处 不胜 寒 的 意思 . -- 42
在 这次 斗争 中 , 湖北省 襄樊市 公安 机关 果断 出击 , 一举 打掉 了 以 余林 为首 的 黑社会 性质 犯罪 组织 , 抓获 犯罪 成员 34 , 破获 刑事 案件 39 , 缴获 枪支 12 . -- 38
余林 指使 打手 将 刘勇 砍 成 重伤 . -- 9
刘晓明 公使 还 回答 了 听众 提出 的 有关 问题 . -- 11
同时 , 促进 农村 基层 政权 按照 发展 社会主义 市场经济 的 要求 转变 职能 , 精简 乡镇 机构 和 人员 , 推进 村民 自治 , 完善 农村 管理体制 , 使 农村 上层建筑 更好地 适应 变化 了 的 经济基础 . -- 39
在 能源 结构 方面 , 北京 的 能源 将 从 煤 转向 清洁 能源 , 如 天然气 , 风能 , 太阳能 等 . -- 23
布什 承诺 当选 后 要 建立 一个 更大 , 更 高级 , 更 全面 的 防御 体系 . -- 18
因此 , 英 要求 美 同 俄罗斯 谈判 的 策略 , 是 为 自己的 两难 处境 谋求 更大 回旋 余地 . -- 21
对 於世贸 规则 上 中国 在 许多 方面 还 没有 相应 立法 的 问题 , 在 国际上 享有盛誉 的 法学 家 郭寿康 最近 指出 , 中国 在 服务 贸易 , 保障 措施 , 电讯 , 保护 集成电路 布 图 设计 等 方面 的 法律 , 都 需要 尽快 提上 立法 日程 . -- 52
广东 同乡会 副会长 刘平中 在 宴会 上 致 欢迎辞 . -- 10
据悉 , 江泽民 在 明年 十六 大将 卸任 总书记 一 职 , 之后 再 辞去 国家 主席 职务 , 但 是否 保留 中央军委 主席 一 职 , 目前 尚未 有 定论 . -- 32
军队 人大 代表 , 兰州 军区 联勤部 部长 樊根深 说 : " 过去 , 一个 军队 干部 家庭 , 经常 是 几个 纸 箱子 装 衣物 , 有 个 大衣柜 就 很 奢侈 了 . -- 35
在 这场 严肃 的 政治 斗争 中 , 涌现出 一大批 先进集体 和 先进个人 . -- 14
发展 是 硬 道理 , 发展 是 时代 的 主题 , 发展 是 解决 中国 所有 问题 的 关键 . -- 20
我们 肩膀 上 的 担子 重 , 责任 大 啊 ! " -- 12
在 美国 200 多年 的 历史 上 , 共有 1.8万 人 被 判处 死刑 , 其中 只有 38 白人 . -- 20
最近 , 美国 一个 叫 布热津斯基 的 名人 在 接受 采访 时 说 , 他 每周 都 阅读 中国 的 报刊 , 中国 传媒 对 美国 的 敌视 使 他 大 受 打击 . -- 34
这是 加强 和 改进 新时期 党 的 建设 的 一个 重要 问题 . -- 13
胡锦涛 联系 党 的 历史 深刻 阐述 了 加强 党 的 建设 的 重要性 . -- 15
全国 人大 常委会 副 委员长 布赫 , 全国 政协 副主席 陈锦华 和 农工 民主党 中央 副主席 姚峻 出席 了 欢迎 仪式 . -- 22
记者 问 : 您 认为 中国 为 什 幺 现在 批准 该 《 公约 》 ? -- 16
他 说 , 政协 各 参加 单位 和 广大 委员 坚决 拥护 中央 关於 处理 和 解决 " 法 轮 功 " 问题 的 重要 决策 . -- 27
从 发展 阶段 看 , 中国 的 工业化 目前 还 没有 完成 , 现代化 过程 刚 开始 不久 . -- 19
朱文  委员 提出 , 要 创造 更加 有利 的 政策 和 市场 环境 , 使 非 公有制 经济 健康 发展 . -- 22
曾建徽 是 在 今天 举行 的 九届 全国 人大 四 会议 新闻发布会 上 说 这番话 的 . -- 17
大力 加强 社会主义 精神文明 建设 和 民主 法制 建设 , 处理好 改革 , 发展 , 稳定 的 关系 , 促进 各项 社会 事业 发展 , 确保 社会 稳定 . -- 29
海军 方面 放 消息 , 当然 是 在 为 纪德舰 作 国内 宣传 ? -- 14
唐东成 的 另 一 可敬 之处 , 是 他 不仅 有 极端 负责 之心 , 更 有 潜心 研究 科学 的 尽责 之 法 . -- 25
记者 们 七嘴八舌 向 一 名 正在 网上 冲浪 的 经济学家 发问 : " 中国 经济 真的 能 实现 百分之七 的 增长 吗 ? " -- 25
张春园 委员 说 , 近 几 年 我国 农业 与 农村 基础 设施 建设 取得 显著 成效 , 但 与 城市 相比 , 还 相当 落后 . -- 27
赵法箴 委员 提出 , 要 把 发展 渔业 作为 优化 农业 产业 结构 , 增加 农民 收入 的 主要 产业 来 抓 . -- 23
宋春 迎 , 田北俊 , 胡定旭 , 庄 启程 , 赵海宽 , 蔡继明 , 骆少君 等 委员 , 也 分别 就 金融 体制改革 , 城市 生活 污水 排放 , 发展 高新技术 等 发表 意见 . -- 35
他 说 , 作为 老 工业基地 , 辽宁 也 面临 不少 困难 和 问题 . -- 15
受 国务院 委托 , 财政部 部长 项怀诚 作 了 关於 2000年 中央 和 地方 预算 执行 情况 及 2001年 中央 和 地方 预算 草案 的 报告 . -- 27
报告 有 新 的 提法 , 可 操作性 强 , 振奋人心 . -- 12
委员 发言 不同 一般 , 他 有 他 的 责任心 , 同时 也 有 他 的 见解 和 见识 , 他 的 意见 还是 很 重要 , 我 觉得 这 精神 , 确实 应该 在 全国 政协 范围 里面 发扬 . -- 41
" 十五 " 计划 《 纲要 》 是 我国 " 三 步 走 " 发展 战略 的 延续 和 细化 . -- 21
刘洪滨 对 这种 现 像 深为 忧虑 . -- 8
王瑞林 代表 说 , 推进 军队 的 现代化 建设 , 非常 关键 的 一 条 , 就是 要 以 江泽民 同志 " 三 代表 " 的 重要 思想 为 指导 , 扎扎实实 抓好 高中级 干部 队伍 建设 . -- 38
黄菊 说 , 经过 上海 人民 的 艰苦 努力 , 上海 已 在 经济 结构 调整 , 生产力 布局 调整 等 方面 取得 了 历史性 的 变化 , 初步 建立 了 社会主义 市场经济 基本 框架 . -- 36
他 说 , 自 实施 改革开放 政策 以来 , 中国 发生 了 巨大 变化 , 在 经济 , 政治 , 文化 , 外交 等 方面 取得 了 巨大 成就 . -- 30
一 年 多 来 , 在 中央政府 的 支持 下 , 澳门特别行政区 政府 采取 各种 措施 打击 犯罪 势力 , 有力地 维护 了 社会 稳定 . -- 26
要 充分 发挥 人力 物力 和 财力 的 最大 效益 , 大力 培养 新型 军事 人才 , 为 打赢 提供 雄厚 的 人才 物质 基础 . -- 26
" 他 并 说 , 工人 们 站在 厂 门口 议论纷纷 , 始终 未有 冲突 发生 . -- 17
" 必须 整合 各方面 力量 , 形成 推进 体制 创新 的 强大 队伍 " . -- 15
各级党委 和 政府 要 把 科技 进步 和 创新 摆 在 经济 和 社会 发展 的 关键 地位 , 切实 解决 发展 中 的 实际 问题 . -- 27
这些 问题 如 不 解决好 , 我国 现代化 建设 将 受到 严重 影响 . -- 14
新建 项目 要 把 好 环保 关 , 做到 增产 减 污 , 技改 项目 中 关於 治污 的 部分 要 落实 . -- 23
他们 在 审议 和 讨论 时 认为 , 城镇化 战略 , 是 中国 面向 新世纪 实现 城市化 的 重大 抉择 . -- 21
要 加强 对 企业 " 三 讲 " 学习 教育 活动 的 督促 与 检查 . -- 16
去年 人大 常委会 在 修订 婚姻法 的 过程 中 , 采取 多种 方式 广泛 听取 各方面 的 意见 , 并 注重 发挥 妇联 组织 的 作用 , 收到 了 好的 效果 . -- 32
常务 副主席 李蒙 , 副主席 姚峻 , 章师明 , 陈灏珠 , 阎洪臣 , 宋金升 , 朱兆良 , 陈建生 , 陈宗兴 , 张大宁 , 左焕琛 , 桑国卫 出席 了 会议 . -- 30
政协 大会 上 , 知识产权 成为 委员 热烈 讨论 的 话题 . -- 12
邓小平 生前 也曾 说 过 , " 我们 所有 的 改革 最终 能不能 成功 , 还是 取决 於 政治 体制改革 . -- 21
香港 新 鸿基 地产 发展 有限 公司 主席 兼 行政 总裁 郭炳湘 委员 认为 : 中国 正在 成为 世界上 最大 的 工业品 生产 基地 之一 , 同时 不断 扩大 著 消费 市场 的 规模 . -- 35
整体 上 来说 , 中国 政府 的 军费 开支 总额 , 与 美国 等 西方 国家 相比 要 少 得 多 , 就 连 印度 等 国家 的 军费 开支 也要 比 中国 多 . -- 35
金大中 还 向 布什 说 , 韩国 将 继续 努力 推动 和 朝鲜 的 对话 , 并且 每 走 一 步 都会 和 美国 磋商 , 以便 让 韩朝 关系 的 进展 符合 韩 美 两国 的 利益 . -- 39
尽管 1% 的 人 占有 45% 的 社会 财富 , 然而 高 收入 者 并未 成为 缴纳 个人 所得税 的 " 大户 " . -- 24
当前 , 团结 , 平等 , 互助 的 社会主义 新型 民族 关系 在 宁夏 不断 得到 巩固 和 发展 . -- 20
面对 机遇 和 挑战 , 我们 惟有 迎头 而 上 , 才能 不 辜负 中央 和 全国 人民 的 厚望 . -- 21
享受 世贸 组织 成员 的 权利 , 我国 的 货物 贸易 , 服务业 投资者 能够 享受 更加 良好 的 待遇 , 使 一些 国家 逐步 取消 对 我国 的 歧视 性 政策 措施 , 进一步 开拓 国际 市场 . -- 39
继续 发展 对外 承包 和 劳务 合作 , 鼓励 有 竞争 优势 的 企业 开展 境外 加工 贸易 , 带动 产品 , 服务 和 技术 出口 . -- 27
从 " 引进来 " , 到 " 走出去 " , 对外开放 提升 到 了 一个 新 境界 . -- 18
在 回答 记者 有关 中国 加入 世贸 组织 对 香港 , 澳门 地区 经济 有 什 麽 影响 时 , 石广生 说 , 中国 加入 世贸 组织 后 , 不仅 将 为 中国 内地 带来 发展 的 机遇 , 而且 将对 香港 和 澳门 的 经济 发展 产生 积极 影响 , 带来 发展 机遇 . -- 55
中东 问题 也是 布什 竞选 总统 时 必 谈 的 问题 之一 . -- 13
该 部 接到 命令 后 , 在 规定 时间 内 迅速 完成 了 战备 导弹 的 准备 工作 , 并 在 空袭 条件 下 将 导弹 转运 到 某 军港 码头 , 保证 了 舰艇 按时 出航 . -- 38
但是 , 在 任何 时候 任何 情况 下 , 我们 一切 工作 的 出发点 和 立足点 , 都要 符合 最 广大 人民群众 的 根本 利益 . -- 26
" 九五 " 期间 辽宁 共 植树 15亿 株 , " 十五 " 期间 还将 植树 28亿 株 , 同时 决定 禁止 采伐 天然林 . -- 25
他 透露 , 中国 加入 WTO 在即 , 在 外资 条例 出来 前 , 中国 不会 有 新 的 合资 电信 公司 的 试点 . -- 25
只有 抓住 机遇 , 抓紧 时间 , 加快 发展 , 才能 实现 综合 国力 的 跨越 式 腾飞 . -- 19
美国 政府 换 了 人 以后 , 中美 关系 的 发展 举世瞩目 . -- 13
领导干部 喊破 嗓子 不如 干出 样子 俗话说 : 强将 手下 无 弱 兵 . -- 14
李吕 两 人 , 都 象 日本 殖民者 一样 看 中国 , 恨 中国 , 贬低 中国 , 诅咒 中国 , 都 对 日本 侵略者 充满 感激 之情 . -- 29
因此 , 目前 还不能 排除 美国 新政府 在 制定 对 伊 政策 上 会 采取 较为 务实 的 态度 , 逐步 改善 与 伊朗 的 关系 . -- 27
近期 面临 三 大 考验 如果说 布什 政府 上任 近 两个 月 来 中美 双方 还 只是 处于 相互 试探 , 相互 磨合 的 阶段 的话 , 那 幺 在 今后 几个 月 里 两国 关系 可能 面临 三 重大 考验 . -- 42
第一 , 触犯 了 我国 刑法 等 法律 . -- 9
盖莱 表示 , 吉布提 愿 进一步 扩大 与 中方 在 各个 领域 的 友好 合作 , 欢迎 中国 企业 参加 吉布提 矿产 和 自然资源 的 开发 , 参与 吉布提 的 经济 发展 进程 . -- 34
基本 建成 独立 于 企业 事业单位 之外 , 资金来源 多元化 , 保障 制度 规范化 , 管理 服务 社会化 的 社会保障 体系 . -- 22
邓小平 同志 任 名誉 主席 . -- 6
甚至 还有 人 想 邀请 李洪志 访 台 , 扬言 以 高 规格 接待 , 以 " 衍生 连锁 效应 " ...... -- 22
第三十五 军事科学 研究 单位 和 院校 应当 实行 军事科学 研究 人员 任期 考核 制度 . 考核 内容 通常 包括 政治 思想 , 研究 实绩 , 业务 水平 和 创新 能力 等 . -- 32
对此 窘况 , 去年 年底 美国 智库 的 一 份 报告 评论说 , 在 亚洲 , 美国 的 支配 性 地位 " 受到 充满 混合 的 欢迎 " , 因为 亚洲 金融 危机 表明 , " 当 美国 的 朋友 需要 帮助 时 , 美国 未能 帮助 他们 " . -- 50
在 这种 情况 下 , 美国 的 最佳 选择 就是 切实 认真 地 奉行 一个 中国 政策 , 减少 和 停止 对 台 军售 , 尤其是 不能 出售 具有 进攻性 的 " 神 盾 " 系统 . -- 37
马克思主义 诞生 以来 , 一代 又 一代 马克思主义 者 遵循 实践 , 认识 , 再 实践 , 再认识 的 规律 , 与 时俱 进 , 不断 研究 新 情况 , 解决 新 问题 , 创造 新 经验 , 从而 推动 马克思主义 在 实践 中 不断 开拓 新 的 境界 . -- 50
措施 实 , 各项 措施 可 操作性 强 . -- 9
我们 坚持 按照 " 一个 中国 , 直接 双向 , 互惠 互利 " 的 原则 , 促进 早日 实现 两岸 " 三通 " . -- 24
李晓岩 告诉 老师 : " 我 不在乎 得分 多少 . -- 10
在 我们 的 家 门口 做 贼 , 被 捉 后 其 做 案 工具 也 应该 留下 ! -- 19
发生 在 中国 南海 上空 的 这 起 撞 机 事件 , 在 国人 中 引起 了 强烈 的 愤慨 , 说 它 是 美国 政府 轰炸 我 驻 南 使馆 以来 对 中国 人民 欠下 的 又 一 笔 血债 , 一点 也 不 为 过 . -- 48
北京 与 华盛顿 处理 此 一 军机 碰撞 意外 事件 , 增添 美国 对 台 军售 的 变数 . -- 19
最 荒谬 的 是 , 美方 将 侵入 中国 领空 降落 在 中国 海 南陵 水 机场 的 美国 军机 说成是 美国 领土 , 享有 豁免权 , 向 中方 提出 一系列 要求 . -- 33
美方 飞机 的 行为 违反 了 《 联合国 海洋法 公约 》 的 有关 规定 , 并 破坏 了 中美 双方 去年 5月 就 避免 海上 危险 军事 行动 达成 的 有关 共识 . -- 33
正如 国家主席 江泽民 所 指出 : 这 一 事件 的 责任 完全 在 美方 , 美方 应该 向 中国 人民 道歉 . -- 22
第五 , 要 保护 学生 和 人民 的 爱国热情 , 但 要求 大家 坚持 岗位 , 不要 上街 游行 , 并 相信 中央政府 有能力 处理 中美 关系 问题 . -- 29
公道 在 人心 , 中国 政府 和 人民 的 友好 善意 和 克制 是 会 取得 国际间 包括 美国 人民 在内 的 公正 评价 的 . -- 26
1997年 问世 的 《 京都 议定书 》 , 是 人类 有史以来 试图 通过 控制 自身 行动 以 减少 对 气候 变化 影响 所 达成 的 一 份 重要 国际 文件 . -- 31
4月3日 , 日本 政府 宣布 审定 通过 日本 右翼 学者 编撰 的 2002年 版 历史 教科书 , 通过 对 一些 史实 的 歪曲 性 陈述 , 为 侵略 历史 开脱 , 甚至 为 军国主义 张目 . -- 36
所有 国家 , 无论 南方 , 北方 , 不管 大国 , 小国 , 都 应 成为 全球化 的 受益者 . -- 20
随后 , 拉戈斯 总统 在 总统府 前 宪法 广场 举行 仪式 欢迎 江泽民 主席 . -- 15
4月5日 , 他们 因为 血压 升高 , 住进 当地 一家 部队 医院 . -- 13
从 竞选 到 上台 至今 , 布什 的 对外 政策 仍 不确定 , 且 种种 迹像 表明 令人不安 的 危险 迹像 占 了 主流 . -- 25
XHZSS0024. 20010407 ( 4329 ) 江泽民 主席 在 联合国 拉丁 美洲 和 加勒比 经济 委员会 发表 演讲 新华社 圣地亚哥 4月6日 电 中国 国家主席 江泽民 6日 在此间 联合国 拉丁 美洲 和 加勒比 经济 委员会 发表 题为 《 共同 开创 中 拉 友好 合作 的 新世纪 》 的 演讲 . -- 48
我们 敦促 发达国家 考虑 和 照顾 发展中国家 的 利益 , 共同 解决 发展中国家 资金 匮乏 , 债务 沉重 , 金融 脆弱 和 技术 落后 等 问题 . -- 27
参 议长 阁下 曾於 1985年 访问 过 中国 , 相信 你 再次 访华 , 一定 会 看到 中国 发生 的 许多 变化 , 也 一定 会 对 增进 我们 双方 的 了解 和 推动 中 智 友好 合作 十分 有益 . -- 41
同时 , 我们 也 希望 中国 在 智利 增加 投资 , 更好地 利用 智利 的 港口 机场 设施 . -- 19
他 说 , 智利 在 法制 建设 方面 有 许多 好 经验 值得 我们 学习 和 借鉴 . -- 18
当 江泽民 主席 和 夫人 王冶坪 走下 专机 时 , 受到 了 迎候 在 舷梯 旁 的 阿根廷 总统 德拉鲁阿 和 阿根廷 政府 官员 的 欢迎 . -- 27
历史 问题 一直 是 遭 日本 野蛮 侵略 的 世界 各国 的 敏感 神经 , 然而 , 几十 年 来 , 日本 总 有一些 人 在 持续 不断地 刺激 它 . -- 31
在 日本 , 在 中国 , 在 世界 各地 都 能 看到 这样 感人 的 场面 . -- 17
简化 历史 或 把 清楚 明白 的 历史 复杂化 只能 招致 更多 的 抗议 和 愤怒 . -- 17
新华社 巴西利亚 4月11日 电 综述 : 稳步 发展 的 中巴 战略 伙伴 关系 新华社 记者 杨立民 中国 和 巴西 是 东西半球 两 个 最大 的 发展中国家 . -- 27
有人 说 , 美国 的 产业 经济 是 世界 环境 的 主要 杀手 , 这 话 实 不 为 过 . -- 21
现在 , 刑事犯罪 的 种类 比 过去 增多 , 危害 程度 比 过去 增大 , " 严打 " 仍是 维护 社会 安全 和 稳定 的 首要 环节 . -- 28
要 把 " 严打 " 方针 贯彻 到 侦查 , 批捕 , 起诉 , 审判 , 监管 改造 等 打击 犯罪 的 各个 环节 , 切实 形成 " 严打 " 的 强大 合力 . -- 34
一 声 声 祝福 的 电话 , 一 封 封 关切的 信函 , 一 束 束 绽开 的 鲜花 , 汇 成 一 股 股 爱 的 暖流 , 将 人们 对 王伟 生命 的 关爱 送到 湖州 , 送到 陵水 , 送到 北京 , 送到 海 天 之间 . -- 50
双方 都 发挥 了 协商 与 合作 的 精神 , 这才 取得 双方 都 能 接受 的 " 双赢 " 结果 . -- 22
换言之 , 台湾 极 可能 先 拿到 神 盾 舰 的 " 大脑 " , 取得 神 盾 战 系 , 但 暂时 还 找不到 " 躯体 " , 没有 载 台 船体 . -- 34
中共 将 这项 军售 解释 有利 於 台湾 独立 , 那 是 " 中 " 美 关系 中 最 敏感 的 一 根 神经 , 事情 一旦 成 真 , 中共 的 震怒 可想而知 . -- 35
若 如此 , 还需要 什 麽 神 盾 舰 ? -- 10
中国 的 经济 和 社会 事业 有了 很大 发展 , 但 发展 的 任务 仍 很 艰巨 , 我们 有信心 实现 自己的 目标 . -- 24
王伟 不愧为 全军 官兵 学习 的 好榜样 . -- 8
投资 增长 较快 是 国家 加大 国债 项目 投资 力度 的 结果 , 也 与 去年 同期 基数 较低 , 今年 施工期 提前 有 一定 关系 . -- 27
只是 在 1996年 台湾 当局 推出 " 戒 急用 忍 " 政策 后 , 失业率 才 一路 上升 . -- 19
论点 2 : 中方 对 美 军事 侦察机 进行 跟踪 和 监视 , 肇事 的 责任 在 中方 . -- 19
奉劝 自作聪明 的 人 , 不要 打错 算盘 . " -- 10
广州 军区 某 通信 团 对此 进行 了 有益 的 探索 . -- 12
对 於 该 公约 以及 《 消除 一切 形式 种族歧视 国际公约 》 和 《 公民 权利 和 政治权利 国际公约 》 , 美国 从 签署 到 批准 分别 拖 了 四十 年 , 二十八 年 和 十五 年 . -- 38
这 三 案件 是 : 四川 冉兴力 等 人 抢劫 , 杀人案 , 河南 常建立 等 人 抢劫 , 杀人案 和 广东 邓星众 等 人 抢劫 , 盗窃案 . -- 29
其中 , 有的 已 潜逃 出境 , 造成 国有 资产 大量 流失 , 使 一些 国有 企业 难以 为 继 , 社会 危害 十分 严重 . -- 26
莫金英 等 人 非法 所 售 的 枪 枝 弹药 被 张君 犯罪 集团 用 於 抢劫 , 故意 杀人 , 造成 多人 伤亡 和 巨额 公私 财物 损失 等 严重 后果 . -- 33
当 公诉人 念 到 " 被害人 张劲 , 女 , 时 年 29 岁 " 时 , 旁听席 上 , 69 岁 的 重庆 老人 张德贵 泪水 夺眶而出 . -- 29
而 此时 , 一个 国家 的 军用 侦察机 飞行员 戴著 " 圣诞 帽 " 抵近 另外 一个 主权 国家 的 领空 , 送来 的 " 圣诞 礼物 " 却是 威胁 和 挑衅 ! -- 33
健康 , 稳定 的 中日 关系 不仅 符合 两国 人民 及 子孙后代 的 根本 利益 , 也 有利于 地区 和 世界 的 和平 与 发展 . -- 26
但是 中美 建交 以后 , 美方 并未 认真 , 严格 地 履行 自己 承担 的 义务 . -- 17
中国 是 大船 , 党 是 好 舵手 . -- 9
章启月 说 , 中方 一贯 反对 日本 政要 参拜 " 靖 国 神社 " . -- 15
否则 , 由此 产生 的 一切 后果 只能 由 美方 承担 . -- 12
此次 台 军 进行 的 主战 武器 射击 , 大部分 为 远程 攻击 性 武器 , 突出 了 台 军 " 境外 决战 " 新 的 战略 构想 , 并且 在 演习 中 还 注重 对 新型 武器 的 组合 战术 运用 , 以 检验 其 战术 技术 性能 , 有效 发挥 各 型 武器 的 整体 战 力 . -- 60
晚上 在 学习 小组 学 法 , 家里 供奉 李洪志 画 象 , 极为 " 虔诚 " . -- 18
他 说 , 中国 和 欧盟 各国 都 保持 了 良好 的 关系 , 希望 这种 友好 关系 能够 进一步 得到 加强 . -- 23
他 对 中国 在 经济 建设 中 所 取得 的 发展 和 成就 表示 高度 赞赏 , 也 为 奥地利 企业界 能够 参与 中国 的 发展 感到 自豪 , 并 表示 , 对 双方 今后 在 各个 领域 的 合作 充满 信心 . -- 43
" 法 轮 功 " 不断 打电话 , 强行 把 材料 塞进 他们 的 信箱 , 发 长篇 的 文传 , 影响 他们 接受 其他 重要 的 信件 和 文传 . -- 31
有 分析 认为 , 通过 这次 事件 , 人们 注意到 , 布什 政府 的 对华 政策 正在 向 第三 主张 靠拢 . -- 22
但是 一 年 多 来 , 台湾 当局 新 领导人 始终 不 承认 一个 中国 原则 , 一再 否认 1992年 两会 共识 . -- 23
社论 认为 , 不论 编织 多少 华丽 的 修辞 , 如果 连 第一 的 " 共识 " 都 否定 掉 , 造成 最 起码 的 对话 与 交流 都 无从 启动 , 那 也就 别 奢 言 下一步 怎 麽 减少 彼此的 误解 了 . -- 45
唐家璇 一行 是 27日 结束 对 乌克兰 的 正式 访问 后 抵达 莫斯科 参加 " 上海 五 国 " 外长 会晤 并 对 俄罗斯 进行 正式 访问 的 . -- 29
重点 是 进一步 加强 各级 领导干部 , 司法 人员 , 行政 执法 人员 , 青少年 和 企业 经营 管理 人员 的 法制 教育 . -- 24
希望 你们 成为 追求 真理 , 勇 於 创新 的 人 . -- 12
在 当前 全球 经济 相互 依存 的 时代 , 发展中国家 和 经济 转轨 国家 的 经济 将 不可 避免 地 受到 工业 国家 , 特别是 主要 经济 大国 经济 增长 放慢 的 影响 . -- 34
可是 , 新德里 至少 在 短期 内 应该 静观 事态 , 而不是 贸然 倾向 任何 方面 . -- 17
台湾 同胞 强烈 要求 台湾 当局 承认 92 共识 , 希望 尽快 恢复 两会 商谈 , 改善 两岸 关系 . -- 20
举报 走私 材料 厚 七十四 -- 5
我 一个 农民 的 儿子 , 能 读 大学 当 共和国 的 部长 , 自己 想 都 没有 想 过 , 扪心自问 工作 这些 年来 我 是 问心无愧 的 . -- 30
侯小虎 等 人 利用 曾 在 海关 工作 过 , 人头 熟 , 业务 熟 的 条件 , 在 整个 走私 犯罪 活动 中 充当 了 十分 不 光彩 的 角色 . -- 32
但 由於 自然 条件 较差 , 农民 的 生活 还 存在 许多 困难 . -- 14
布什 说 : " 我们 需要 一个 新 的 框架 , 以 使 我们 能够 建立 对付 当今 世界 各种 不同 威胁 的 导弹 防御 系统 . " -- 28
吴建民 说 : " 所谓 政治 化 , 就是 搞 对抗 , 而 对抗 是 不得人心 的 . -- 18
我们 的 宗教界 人士 真正 体会到 宗教 信仰 自由 , 美国 无权 对 中国 宗教 信仰 自由 妄加 评论 . -- 20
内部 会议 形成 三点 共识 消息 称 , 美国 总统 布殊 上台 之后 , 即 把 中国 视为 战略 竞争 对手 . 不断 对 中国 施压 , 甚至 恫吓 . -- 30
布什 现在 重提 实施 这 一 计划 , 显然 是 刻意 违反 《 反弹道导弹 条约 》 , 动摇 全球 安全 基石 , 并 引发 新 一 轮 军备 竞赛 . -- 30
他 多次 在 公开 场合 强调 印度 将 寻求 同 中国 建立 友好 , 合作 , 睦邻 和 互惠 的 外交关系 . -- 22
1997年7月1日 , 江泽民 主席 在这里 向 全世界 宣告 : 中国 政府 对 香港 恢复 行使 主权 , 中华人民共和国 香港特别行政区 政府 成立 . -- 22
从 资金 使用 来看 , 一方面 以 较高 的 成本 吸引 外资 , 另一方面 又 保留 大量 较低 收益 的 外汇 资产 ; 一方面 拥有 全球 三分之二 的 外汇储备 , 另一方面 又 无力 抵抗 国际 投机 资本 的 冲击 . -- 40
为了 避免 资金 的 大进大出 对 亚洲 金融市场 造成 影响 , 亚洲 各国 应 共同 努力 建立 亚洲 统一 的 债券 市场 . -- 23
科技 交流 与 产业 合作 相互 促进 , 有利 地 推动 了 两岸 经济 合作 的 深化 . -- 18
中方 与 各方 均 保持 著 接触 和 沟通 , 目的 是 为了 最终 在 日内瓦 的 多边 谈判 中 解决 这些 问题 . -- 24
美国 华裔 公民 反 邪教 协会 由 1933年 成立 的 纽约 华侨 衣馆 联合会 倡导 , 於 4月28日 在 纽约 宣布 成立 . -- 23
云南省 高院 对此 案 进行 了 终审 , 判处 普 死刑 , 剥夺 政治权利 终身 , 并 处 没收 财产 50万 元 , 罚金 1万 元 . -- 27
中国 和 美国 目前 还 没有 就 如何 归还 间谍 飞机 达成 任何 协议 . -- 15
第四 , 完善 国防 教育 法规 制度 , 加强 执法 监督 检查 《 国防 教育法 》 将 《 国防法 》 和 《 教育法 》 有关 国防 教育 的 规定 具体化 , 同时 也 为 完善 有关 国防 教育 的 法规 和 规章 制度 提供 了 依据 . -- 47
美国 一些 媒体 近来 就 充斥 着 大量 嘲讽 华人 的 言论 和 漫画 等 . -- 16
朱鎔基 总理 在 机场 发表 了 简短 的 书面 讲话 . -- 11
财长 会 对此 反映 很好 , 认为 办得 及时 , 希望 继续 举办 . -- 14
巴基斯坦 正在 实施 经济 振兴 计划 , 中国 政府 愿意 推动 中国 的 企业 积极 参与 , 为 巴基斯坦 经济 发展 作出 努力 . -- 24
从 长远 看 , 印度 的 崛起 只是 个 时间 问题 , 想 成为 " 世界 一 极 " 的 印度 今后 是否 会 在 众多 利益 上 与 美国 发生 冲突 还是 未知数 . -- 35
原来 , 阿米蒂奇 向 印度 总理 瓦杰帕伊 转交 了 布什 的 一 封 信 , 硎 舅 谕 梦 视 度 , 具体 日期 待 定 . -- 27
历经 多年 的 风波 和 曲折 之后 , 印 美 关系 最终 在 ツ 攴 诵 的 一 页 , 跨入 了 改善 和 合作 的 轨道 . -- 28
为了 充分 保证 僧尼 和 信教 群众 的 信仰 自由 , 中央 和 西藏 地方政府 近 十几 年 来 共 投入 3亿多 元 , 用于 寺庙 和 宗教 活动 场所 的 维修 . -- 33
解决 海河 流域 水 的 问题 , 特别是 北京 , 天津 等 大城市 水 的 问题 , 关系 全国 的 大局 , 具有 十分 重要 的 意义 . -- 28
陪同 李岚清 副总理 考察 的 有关 部门 负责人 有 王春 正 , 徐荣凯 , 高强 , 吕新奎 等 . -- 19
这 情形 与 两 年 前 " 两国 论 " 的 缘起 非常 神似 . -- 15
随 著 社会 的 进步 , 人类 自身 能力 不断 发展 , 显示出 越来越 大 的 力量 . -- 18
黄菊 要求 上海 青年 认真 学习 全军 十大 学习 成才 标兵 的 先进事迹 . -- 14
浙江 牛头山 . -- 3
1996年 台海 危机 后 , 两岸 关系 的 主要矛盾 , 从 " 谁 代表 中国 " " 如何 统一 " , 演变 成 日益 尖锐 的 反 独 促 统 斗争 . -- 32
为 确保 夜间 机动 的 隐蔽性 , 他们 把 无 照明 机动 , 夜间 技术 保障 作为 强化 训练 课目 , 通过 分 训 , 轮训 , 合 训 等 形式 , 逐步 突破 夜间 机动 作战 中 的 " 瓶颈 " . -- 43
如果 国家 导弹 防御 计划 付诸实施 , 将会 破坏 全球 的 战略 平衡 与 稳定 , 损害 大国 间 的 相互 信任 与 合作 , 阻碍 国际 裁军 进程 和 防 扩散 努力 , 并 引发 新 一 轮 军备 竞赛 . -- 42
贵国 具有 悠久 的 历史 , 美丽 的 风光 和 丰富 的 资源 . -- 14
据报道 , 扁 政府 执政 以来 的 一 年 间 , 全 岛 自杀 的 人数 达 二千六百 人 , 平均 每天 七 人 , 创 九 年 来 之最 , 而 自杀 的 原因 大多 是 因为 失业 . -- 40
这种 告诫 很 重要 , 很 及时 . -- 8
在 今年 3月 , 台湾 当局 更是 公开 支持 岛内 外 " 台独 " 分子 纠合 在 一起 , 首次 在 岛内 举办 " 世 台 会 " , 上演 了 一 出 出 " 台独 " 丑剧 . -- 39
各 检查组 成员 在 出发 前 进行 了 集中 培训 . -- 11
双方 的 历史 , 文化 传统 , 社会制度 不同 , 国情 也 存在 差异 , 但 我们 在 许多 重大 国际 问题 上 存在 著 相似 的 观点 和 共同 的 利益 . -- 33
50 年 来 , 中央政府 和 全国 各族 人民 十分 关注 和 支持 西藏 的 发展 进步 . -- 18
冷战 结束 后 , 对话 代替 对抗 , 合作 代替 对立 , 已 成为 世界 各国 人民 的 共同 愿望 . -- 21
去年 , 我们 双方 一致 同意 将 这 一 关系 推进 到 全面 合作 的 新 阶段 . " -- 19
两国 经济 合作 进一步 扩大 , 委内瑞拉 已经 成为 吸收 中国 投资 最多 的 拉美 国家 . -- 17
对 其 行事 风格 略知一二 的 人 都 清楚 , 他 又 在 表演 了 . -- 16
道理 很 简单 , 如果 失去 了 作为 两岸 关系 基础 的 一个 中国 原则 , 不仅 两岸 的 接触 商谈 无法 进行 , 而且 两岸 的 和平 统一 也 将 成为 不可能 . -- 34
" 传统 概念 " 上 的 武器 , 如 大炮 重型 坦克 , 甚至 航母 都 已 过时 . -- 19
韩升洙 强调 , 韩国 政府 继续 奉行 金大中 总统 执政 以来 确定 的 对 朝 政策 , 高度 评价 中方 在 维护 地区 和平 与 稳定 , 特别是 在 为 促进 朝鲜半岛 的 和平 进程 上 所 发挥 的 积极 作用 . -- 42
为此 , 特 制定 法制 宣传 教育 的 第四 五 年 规划 . -- 13
李鹏 积极 评价 建交 十 年 来 两国 关系 取得 的 进展 , 高度 赞赏 文莱 苏丹 和 王室 成员 对 促进 两国 关系 所 做出 的 重要 贡献 . -- 30
姜春云 说 , 近 几 年 , 中国 计生 协 在 全国 表彰 了 一大批 先进 单位 和 先进个人 , 各地 也 都 推出 了 一批 有 特色 的 先进 典型 , 如何 把 这些 典型 经验 推开 , 使之 大面积 开花结果 , 促进 协会 工作 整体 水平 的 提高 , 是 需要 著 力 抓好 的 一件 大事 . -- 60
姜春云 还 指出 , 要 重视 发挥 协会 会长 的 作用 , 推动 各级 协会 工作 的 开展 . -- 19
记者 问道 . -- 3
具体 来说 , 有旧 体制 中 的 痼疾 , 有 新旧 两 体制 的 " 碰撞 " , 有 贯彻 改革 政策 产生 的 偏差 , 也 有 少数 敌对 势力 的 干扰 . -- 34
我们 应该 坚信 党 有能力 有 办法 解决 当前 改革 过程 中 遇到 的 一些 矛盾 , 困难 和 问题 . -- 21
美 新 军事 战略 会 把 世界 引向 哪里 ? -- 10
能不能 正视 问题 , 揭露 问题 , 是 对 领导干部 的 一个 严峻 考验 . -- 15
胡锦涛 在 讲话 中 阐述 了 当前 国际 形势 的 基本 特点 , 分析 了 出现 的 一些 新 动向 , 新 变化 . -- 24
李鹏 强调 , 村民委员会 组织法 的 贯彻 实施 , 坚定 了 农民 群众 跟党走 建设 有 中国 特色 社会主义 道路 的 信心 和 决心 , 巩固 了 党 在 农村 的 执政 基础 , 发扬 了 我国 社会主义制度 的 优越性 . -- 41
特别是 对 重点 , 难点 问题 , 主要 领导 要 亲自 与 地方 有关 部门 沟通 , 协商 , 共同 研究 解决 办法 , 确保 各项 安置 政策 落实 到位 . -- 31
布什 说 , 美中 两国 之间 的 贸易 有利 於 美国 的 农业 生产者 和 工商 企业 . -- 18
战后 , 日本 右翼 团体 一度 被 解散 , 右翼 势力 被 大大 削弱 . -- 15
这些 举措 有力地 向 外界 表明 中国 坚持 改革开放 政策 的 决心 , 体现 了 中国 对 多边 经济 合作 的 积极 立场 , 为 推动 亚太 经合 组织 贸易 投资 自由化 进程 发挥 了 建设性 作用 . -- 38
这一点 , 连 台湾 的 许多 有识之士 都 已经 看出来 了 . -- 12
张健 表示 , 他 是 遭 中共 部队 杀伤 的 第一 手无寸铁 的 学生 , 数小时 后 , 他 被 同学 用 一 辆 破 车 推 到 医院 , 车 上 尚 有 四 受伤 同学 , 所 经 之处 , 满目疮痍 , 医院 内 更是 死伤 累累 的 无辜 学生 及 支持 运动 的 工人 百姓 . -- 59
武宽 说 , 亚太 经合 组织 贸易 部长会议 的 另一个 议题 是 如何 推动 实施 三 行动 计划 , 即 各 成员 的 行动 计划 , 集体 行动 计划 和 经济 技术 合作 计划 . -- 35
日前 , 特拉维夫 发生 恶性 自杀 袭击 事件 , 造成 10 多人 死亡 , 近 百 人 受伤 . -- 19
和谈 成果 来之不易 , 但 更 重要 的 是 履约 践诺 . -- 12
于是 当 它 再度 重生 时 , 其 实力 已 扇 醯 强 , 而且 产量 增长 了 十 . -- 20
专家 们 认为 , 增加 和 创造 就业 机会 , 应 成为 政府 工作 的 重 中 之 重 . -- 20
根据 台 " 陆 总 " 透露 , 这次 演习 将 在 台岛 中部 的 谷 关丽阳 营区 展开 , 演习 的 主角 是 台 军 唯一 具有 空降 特种 战 能力 的 第862 特种 战 旅 . -- 38
日本 政府 的 有关 部门 仅仅 依据 韩国 提供 的 情况 , 也 宣布 自 6月8日 起 , 停止 从 中国 进口 禽 类 产品 . -- 26
问 : 对 制作 , 传播 邪教 宣传品 , 宣扬 邪教 , 破坏 法律 , 行政 法规 实施 的 行为 , 《 解释 二 》 是 如何 规定 的 ? -- 30
除 签署 了 上述 两 项 协定 外 , 还 先后 发表 了 《 阿拉木图 声明 》 , 《 比什凯克 声明 》 和 《 杜尚别 声明 》 . -- 28
美国 的 政策 , 永远 是 以 美国 国家利益 为 最 优先 考量 . -- 14
改革开放 以来 , 我们 国家 的 经济体制 , 经济 运行 方式 , 社会 组织形式 以及 群众 的 生产 生活方式 都 发生 了 深刻 的 变化 . -- 26
" 大跃进 " 和 " 文化大革命 " 就是 两 大 麴 折 . -- 13
他 说 , 在 中国 如何 建设 社会主义 的 探索 , " 始 於毛 , 成 於 邓 " . -- 20
坚持 我军 对 党 的 信仰 , 必须 强化 思想 政治 工作 , 加强 理想 信念 教育 . -- 18
你们 辛苦 了 ! " -- 5
六 国 元首 还 共同 会见 了 中外 记者 , 并 出席 了 江泽民 主席 为 与会 国 元首 及其 代表团 举行 的 午宴 . -- 25
新华社 上海 6月15日 电 ( 记者 潘清 周晓华 ) 外交部 副部长 张德广 今天 说 , " 上海 合作 组织 " 成员国 元首 会议 的 各项 议程 已 顺利 完成 , 预定 的 目标 均 已 实现 , 取得 了 圆满 成功 . -- 42
他 说 , 这 一 组织 的 宗旨 和 原则 符合 乌 国家 和 人民 利益 . -- 17
以 " 上海 精神 " 为 成员国 之间 相互 关系 准则 的 " 上海 合作 组织 " 必将 有 著 美好 的 发展 前景 . -- 25
要 开展 信用证 收付 汇 业务 检查 , 打击 利用 无 真实 贸易 背景 信用证 进行 融资 及 骗汇 活动 , 对 有关 当事人 要 严肃 处理 . -- 28
目前 国内 的 " 孵化器 " 大多 是 政府 设立 的 有形 设施 , 由於 政府 资源 有限 , 它的 服务 范围 受到 很大 限制 , 使 很多 很 有希望 的 企业 失去 发展 壮大 的 机会 . -- 38
二 要 积极 组织 灾区 群众 发展 多种 经营 , 广开 增收 门路 . -- 14
虽然 在 台面 下 , 政府 基 於 政治 立场 考量 , 并未 在 政策 上 予以 支持 , 同时 也 不断 提醒 民间 单位 要 注意 中共 的 统战 , 但 民间 的 观点 则 较 一致 , 倾向 支持者 多 . -- 43
近年来 , 两国 的 友好 合作 不断 扩大 , 取得 了 积极 的 成果 . -- 15
多位 现役 将领 或 才 离开 军 中 的 退役 将领 皆 认为 , 我方 有必要 拥有 中程 飞弹 这种 战略 吓 阻 武器 , 纵使 它 不 载 核弹 . -- 31
中国 金融 业 和 资本市场 如何 发挥 更大 作用 ? -- 10
亲民党 也 表示 反对 . -- 5
不少 省份 已 订出 措施 把 无能 干部 革职 . -- 10
军事 科学院 战略 研究 部 研究员 罗源 表示 , 历史 和 事实 都 已 证明 , 战争 的 胜负 不是 靠 一 两 件 新式 武器 决定 的 . -- 29
几 天 来 , 我 会见 了 施罗德 总理 , 与 经济 部长 米勒 进行 了 会谈 , 广泛 接触 了 企业界 人士 , 访问 富有 成果 . -- 28
这种 观点 值得 商榷 . -- 5
此次 拉姆斯菲尔德 提出 的 新 军事 战略 , 则 放弃 了 这 一 重要 战略 " 基石 " , 将 战争 准备 的 重点 转移 到 亚洲 , 以 应付 该 地区 可能 出现 的 " 有损于 美 国家利益 的 安全 隐患 和 重大 事态 " . -- 47
但 不论 如何 , 李登辉 对 连宋 结盟 , 确实 已经 发挥 了 牵制 效果 . -- 16
今年 " 6.26 " 国际 禁毒 日 前夕 , 记者 就 这些 问题 采访 了 国家 禁毒 委员会 主任 , 公安部 部长 贾春旺 . -- 24
他 强调 , 美中 关系 至关重要 , 双方 应 共同 努力 改善 和 发展 这 一 关系 . -- 18
加快 了 行业 和 地区 结构 调整 的 步伐 , 促进 了 结构 优化 和 产业 升级 . -- 18
警方 将 示威 抗议者 和 欢迎 人群 隔 成 一个 山 下 , 一个 山 上 , 李登辉 的 专车 从 另一个 进口 上山 , 躲避 示威 群众 . -- 29
探索 的 道路 是 曲折 前进 的 , 会 有 成功 , 也 会 受到 挫折 . -- 17
他 希望 通过 此次 访问 学习 中国 军队 的 先进 经验 , 进一步 促进 新世纪 两国 两 军 关系 的 发展 . -- 22
新华社 上海 6月29日 电 ( 记者 厉正宏 ) 上海市 纪念 中国 共产党 成立 80 周年 大会 , 今天 下午 隆重 举行 . -- 22
从严 治 党 , 必须 全面 贯彻 於 党 的 思想 , 政治 , 组织 , 作风 建设 , 切实 体现 到 对 各级 党组织 , 广大 党员 和 干部 进行 教育 , 管理 , 监督 的 各个 环节 中 去 . -- 42
李鹏 说 , 中国 重视 美国 国会 的 重要 作用 , 希望 美国 会议 员 为 促进 两国 关系 发挥 积极 作用 . -- 23
连日来 , 正在 海上 进行 训练 的 海军 " 青岛 " 号 导弹驱逐舰 , 涌动 著 争先 创优 的 激情 . -- 21
撞 机 事件 已 表明 , 若 把 中国 定位 於或 把 中国 制造 为 " 明确 的 敌人 必然 对 美国 的 国际 利益 造成 巨大 损害 . -- 29
我国 企业 信息化 的 整体 水平 不高 , 进程 不快 . -- 11
二 是 推进 财政 制度 改革 , 要 积极 推行 部门 预算 制度 改革 , 国库 集中 收付 制度 改革 和 税费 改革 , 继续 认真 落实 " 收支 两 条 线 " 规定 , 加强 预算外 资金 监管 . -- 40
区 党委 组织部 , 宣传部 , 统战 部 的 负责 同志 也 参加 了 区 党委 理论 学习 中心 组 的 学习 . -- 23
中央 十分 重视 , 各级党委 支持 , 群众 热情 参与 , 经济 条件 允许 , 天时 , 地利 , 人 和 , 态势 很好 . -- 25
在 亲切 友好 的 交谈 中 , 江泽民 欢迎 扎农 受 阿拉伯 议会 联盟 的 委托 来华 通报 中东 局势 . -- 21
她 希望 外商 投资 企业 协会 今后 继续 发挥 其 政府 和 企业 之间 的 桥梁 作用 , 更多 地 反映 在 华 投资 企业家 们 的 意见 和 要求 . -- 31
消息 鼓舞 有意 投资 传媒 的 民间 人士 , 已 有人 正在 加紧 筹划 进军 传媒 业 . -- 18
通过 实施 这 一 方针 , 日本 的 军事 技术 获得 迅速的 发展 , 在 有些 技术 方面 甚至 超过 了 美国 . -- 23
要 鼓励 官兵 转业 , 退伍 到 贫困 地区 工作 , 为 贫困 地区 的 经济 和 社会 发展 贡献 智慧 和 力量 . -- 24
全国 政协 各 专门 委员会 和 机关 有关方面 负责人 列席 会议 . -- 12
9日 晚 , 朝鲜 最高 人民 会议 常任 委员会 副 委员长 杨亨燮 在 平壤 万寿 台 议事堂 举行 宴会 , 欢迎 以 姜春云 副 委员长 为 团长 的 中国 友好 代表团 . -- 32
他 说 , 北京 申办 成功 将 是 一件 好事 . 北京市 政府 领导 杜德印 , 张茅 和 中国 驻 俄罗斯 大使 武韬 参加 了 会见 . -- 27
第三 , 要 加强 信息 网络 方面 的 执法 和 司法 . -- 12
同时 下放 蚕茧 , 糖 料 收购 价格 和 中央 直属 热电厂 供热 出厂 价格 由 省级 价格 主管 部门 管理 . -- 22
保持 党 的 先进性 , 就要 按照 " 三 代表 " 的 要求 全面 加强 党 的 建设 . -- 19
海协 方面 与 台湾 很多 热心 於 两岸 关系 的 发展 热心 於 为 两岸 同胞 的 权益 做 些 实事 的 党派 团体 和 各界人士 , 来 处理 这 方面 的 事情 . -- 34
他 进一步 说 , " 和平 统一 , 一国两制 " 是 邓小平 先生 生前 提出 的 , 是 解决 台湾 问题 的 基本 方针 . -- 25
如果 逼 不得已 非得 进行 两岸 官方 接触 协商 , 则 各类 戴著 " 白 手套 " 的 民间 团体 , 则是 大陆 方面 与 台湾 接触 的 另 一 模式 . -- 32
为什麽 " 一国两制 " 下 的 一个 城市 的 行政 长官 , 在 国际上 会 获得 如此 高 规格 的 接待 ? -- 22
人们 欢呼 著 , 跳跃 著 , 泪花 浸润 著 欢快 的 笑脸 . -- 14
欧盟 国家 官员 对 《 京都 议定书 》 的 诞生 国 日本 对 该 协议 的 消极 态度 表示 不能 理解 . -- 22
文章 说 , 新 条约 还 应当 推动 两国 经济 合作 的 发展 . -- 14
在 历史 上 , 日本 军国主义 发动 的 侵略战争 , 已经 极大 地 伤害 了 亚洲 人民 的 民族 感情 . -- 21
二 , 进一步 明确 了 中俄 在 战略 协作 的 不同 层次 上 的 操作 方向 . -- 17
著名 经济学家 吴敬琏 说 , 中国 政府 实施 的 积极 财政 政策 和 刺激 供给 方的 政策 取得 了 显著 成效 , 只要 继续 坚持 这种 政策 , 今年 中国 的 经济 增长 依然 会 十分 强劲 . -- 38
今年 棉花 种植 面积 增加 较多 , 要 注意 防止 出现 " 打白条 " 和 农民 " 卖 棉 难 " 问题 . -- 23
据悉 , 随 著 案件 的 侦破 , 涉嫌 以上 诸 案 的 " 保护伞 " 也 受到 法律 制裁 . -- 21
短期 贷款 余额 为 6 · 5万亿 元 , 累计 增加 2482亿 元 , 同比 少 增 360亿 元 . -- 20
近年来 , 该 研究所 取得 了 一大批 科技 创新 成果 , 为 我军 新型 导弹 武器 的 战斗力 建设 提供 了 强有力 的 技术 支持 . -- 26
我 参与 联合国 案 今年 可能 有 翻新 , 据了解 , 政府 内部 正 讨论 , 是否 以 " 申请 成为 观察员 " 作为 我 参与 联合国 的 途径 . -- 30
叶震 同时 指出 , 外 需 对 经济 增长 的 拉动 作用 减弱 等 矛盾 和 问题 需要 引起 高度 重视 . -- 22
在 该 团 装备 管理 中心 , 可 随时 查阅 雷达站 的 登记 统计 资料 及 器材 库存 情况 , 雷达站 的 各种 报表 也 可用 电子邮件 直接 传到 团 装备 管理 中心 , 开始 向 " 科技 型 " 管理 迈进 . -- 43
返 台 后 不到 两个 月 , 他 所 倡导 的 " 全民 政府 " 垮台 , 民进党 被迫 组成 " 少数 政府 " , 停建 " 核 四 " 导致 在野党 结盟 对抗 民进党 , 台湾 政局 呈现 混乱 动荡 状态 . -- 43
为了 达成 以上 目标 , 陈水扁 就要 充分 表现出 台湾 对 美国 制衡 中国 大陆 称霸 亚洲 与 世界 的 " 筹码 " 作用 , 显现 台湾 与 美国 的 亲近 关系 . -- 33
去年 八月 陈水 扁 第一 出访 时 , 他 分别 给 了 多米尼加 哥斯达黎加 布基纳法索 美元 四百六十万四千二百万三千万 的 红包 , 声称 新 政权 对 旧 政权 的 贷款 案 援助 案 都会 " 概括 承受 " , 保证 未来 援助 " 一定 会 增加 " . -- 46
相反 的 , 包括 陈 总统 在内 的 高层 官员 在 针对 美国 的 时候 经常 出现 有 辱 国格 的 言行 . -- 23
近期 技术 进步 还 表明 , 部队 结构 调整 可 通过 大多数 战斗 支援 和 战斗 勤务 支援 部队 结构 的 改善 来 大幅度 提高 作战 效能 . -- 28
中央 代表团 副团长 帕巴拉 . 格列朗杰 , 王忠禹 , 王兆国 , 徐才厚 , 西藏自治区 党政军 负责人 以及 成都 军区 政委 杨德清 参加 了 活动 . -- 25
第四 , " 台湾 继续 保留 政府 架构 " . -- 10
双方 就 中 乌 关系 以及 共同 关心 的 国际 和 地区 问题 广泛 , 深入 地 交换 了 意见 , 取得 了 重要 的 共识 . -- 27
其次 , 制造 舆论 , 把 亚洲 所谓 不稳定 因素 的 矛头 引向 中国 . -- 15
台海 战争 一旦 爆发 , 美国 政府 就 将 面临 两难 选择 : 要 麽 " 丢人 地 打退堂鼓 " ; 要 麽 " 就要 与 中国 爆发 一 场 结局 悲惨 的 战争 " . -- 36
台湾 民众 越来越 了解 大陆 , 越来越 愿意 与 大陆 同胞 交流 , 这些 都是 两岸 关系 进一步 改善 的 重要 契机 , 也 给 人们 以 希望 . -- 29
事实 证明 这件事 根本 就是 子虚乌有 . -- 7
在 加大 整顿 和 打击 力度 的 同时 , 要 切实 采取 治本 之 策 , 完善 有关 法律 法规 和 执法 机制 , 逐步 规范 市场 行为 , 建立 良好 的 市场经济 秩序 . -- 35
现阶段 中国 资金 相对 充裕 , 资本 流出 有利 於 国际 竞争 和 积累 全球化 发展 经验 等 . -- 19
皇 20 世纪 80 年代 中期 至 1997年 以 会计 电算化 阶段 为 主题 , 主要 是 用 电算化 代替 手工 峒坪 怂 悖 加快 核算 速度 , 提高 准确性 . -- 31
受 美 , 日 经济 影响 , 台湾地区 , 韩国 以及 东南亚地区 股市 暴跌 , 货币 汇率 大幅 贬值 , 经济 出现 倒退 , 甚至 有 金融 动荡 的 危险 , 复苏 受阻 . -- 34
他 进一步 指出 , 中国 入世 和 中国 经济 的 发展 对 东盟 地区 是 有益 的 , " 因为 这 代表 著 一个 更大 的 投资 和 贸易 市场 " . -- 32
北京 时间 八时十五分 , 鲍威尔 乘坐 的 专机 抵达 首都国际机场 . -- 11
笔者 在 日前 召开 的 江苏省 海防 工作会议 上 获悉 , 该 省 陆海空 一体 的 海防 安全 管理 体系 已 初 显 成效 . -- 25
本报 评论员 : 新时期 领导干部 的 优秀 代表 -- 8
人民 解放军 是 体现 党 和 国家 政治 优势 的 重要 力量 , 新 的 形势 和 任务 , 要求 我们 必须 更加 自觉 地 高举 旗帜 , 维护 核心 . -- 31
一 , 发展 一批 大公司 和 企业集团 事关 经济 发展 全局 这 几 年 , 许多 同志 都 深深 地 体会到 , 要 参与 国际 竞争 , 我国 还 缺少 这样 一批 具有 国际 竞争力 的 大公司 和 企业集团 . -- 40
在 新 的 历史 条件 下 认真 学习 , 自觉 实践 " 三 代表 " 重要 思想 , 是 共产党员 站在 时代 前列 , 保持 先进性 的 根本 要求 . -- 30
1999年10月1日 , 国庆 50 周年 大 阅兵 , 中国 陆军 , 海军 , 空军 , 第二 炮 牡 弹 共同 亮相 . -- 22
对 一些 政策 性 很 强 的 问题 , 要 严格 按照 中央 的 精神 进行 宣传 , 防止 " 刮风 " . -- 23
这 其实 并不 令人 意外 , 因为 形 像 牌 的 马英 九 , 在 党内 一直 拥有 超 强 人气 . -- 22
我们 必须 坚决 维护 党 的 领导 , 反对 以 国家 化 的 名义 否定 党 对 军队 的 绝对 领导 . 5 . 统一 全球 : 请问 : 我国 军费 明年 还 会 大幅 增长 吗 ? -- 38
在 战争 年代 , 坚持 党 对 军队 的 绝对 领导 , 经常 地 , 大量 地 体现 在 为 完成 党 的 武装斗争 任务 而 南征北战 , 浴血 奋斗 上 . -- 32
老同志 们 说 , 学习 领会 " 七一 " 讲话 精神 , 是 全党 的 大事 , 作为 老同志 , 思想 不能 离退休 , 党员 的 责任 义务 不能 丢 , 我们 一定 要 认真 学习 和 坚决 拥护 江 总书记 " 七一 " 重要 讲话 . -- 47
今秋 联合国大会 期间 , 中美 双方 也 有 高层 会晤 的 机会 , 鲍威尔 已 邀请 唐家璇 外长 在 大会 后 到 华盛顿 访问 . -- 25
美国 经济 仍然 面临 着 衰退 的 严重 威胁 , 欧洲 经济 也 不好 , 日本 经济 则 更 差 . --